2025-03-31 20:01:53,927 - INFO - Percorso file CSV: /home/runner/work/FeedRss_Monterotondo/FeedRss_Monterotondo/albopretorio.csv
2025-03-31 20:01:53,927 - INFO - File esiste: True
2025-03-31 20:01:53,928 - INFO - Files nella directory corrente:
2025-03-31 20:01:53,928 - INFO - generate_feed.py
2025-03-31 20:01:53,928 - INFO - .git
2025-03-31 20:01:53,928 - INFO - README.md
2025-03-31 20:01:53,928 - INFO - _config.yml
2025-03-31 20:01:53,928 - INFO - albopretorio.csv
2025-03-31 20:01:53,928 - INFO - rss_generator.log
2025-03-31 20:01:53,928 - INFO - .github
2025-03-31 20:01:53,934 - INFO - Added entry: AVVISO DI NOTIFICAZIONE PER PUBBLICI PROCLAMI AUTORIZZATA DALL’ORDINANZA N. 19038/2024 EMESSA DAL TRIBUNALE AMMINISTRATIVO REGIONALE DEL LAZIO RELATIVA AL GRAVAME NEI CONFRONTI DI TUTTI I CANDIDATI ALLE ELEZIONI PER IL RINNOVO DEL CONSIGLIO COMUNALE DI MONTEROTONDO (RM) TENUTESI NEI GIORNI 8 E 9 GIUGNO 2024, NONCHÉ NEI CONFRONTI DEI CITTADINI SOTTOSCRITTORI DELLE RELATIVE LISTE ELETTORALI.
2025-03-31 20:01:53,934 - INFO - Added entry: PUBBLICAZIONE ALBO PRETORIO - VARIANTE PIANO PARTICOLAREGGIATO "SCALO"
2025-03-31 20:01:53,934 - INFO - Added entry: AFFIDAMENTO DIRETTO SISTEMAZIONE IMPIANTO DI ILLUMINAZIONE ANDRONE SECONDO PIANO DEL PALAZZO COMUNALE SITO IN PIAZZA A. FRAMMARTINO - COMUNICAZIONE AGGIUDICAZIONE E STIPULA
2025-03-31 20:01:53,934 - INFO - Added entry: RACCOMANDATA PER GAJEWSKA ANGELIKA SALA
2025-03-31 20:01:53,934 - INFO - Added entry: RICHIESTA NOTIFICA AI SENSI ART. 143 CPC - PRATICA N. 16/2025
2025-03-31 20:01:53,934 - INFO - Added entry: RICHIESTA NOTIFICA AI SENSI ART. 143 CPCP - PRATICA N. 321/2024
2025-03-31 20:01:53,935 - INFO - Added entry: RACCOMANDATA PER GATTO UMBERTO
2025-03-31 20:01:53,935 - INFO - Added entry: RICHIESTA NOTIFICA AI SENSI ART. 143 CPC - PRATICA N. 26/2025 IRREP
2025-03-31 20:01:53,935 - INFO - Added entry: RICHIESTA NOTIFICA AI SENSI ART. 143 CPC - PRATICA N. 27/2025 IRREP
2025-03-31 20:01:53,935 - INFO - Added entry: RICHIESTA NOTIFICA AI SENSI ART. 143 CPCP- PRATICA N. 48/2025
2025-03-31 20:01:53,935 - INFO - Added entry: RACCOMANDATA - DEPOSITO ATTI - BIANCO GIUSEPPE  
2025-03-31 20:01:53,935 - INFO - Added entry: RACCOMANDATA N56951469052-9 - DEPOSITO ATTI - MERSAL SAID 
2025-03-31 20:01:53,935 - INFO - Added entry: RACCOMANDATA - DEPOSITO ATTI - MERSAL SAID 
2025-03-31 20:01:53,935 - INFO - Added entry: COMUNICAZIONI CARLOTTA CUCCAGNA 
2025-03-31 20:01:53,936 - INFO - Added entry: DETERMINA N.223 DEL 07/03/2025 - DIPARTIMENTO GOVERNO DEL TERRITORIO: ANNULLAMENTO IN AUTOTUTELA DELLA DETERMINAZIONE DI ACCERTAMENTO DI COMPATIBILITÀ PAESAGGISTICA A NORMA DELL’ARTICOLO 167 COMMA 5 DEL D.LGS. 42/2004 (EL.12/2024) PER IMMOBILE SITO IN MONTEROTONDO SCALO - LOCALIZZAZIONE: F. 25 P.LLA 946
2025-03-31 20:01:53,936 - INFO - Added entry: DETERMINA N.222 DEL 07/03/2025 - DIPARTIMENTO ATTIVITA' ECONOMICO FINANZIARIE E AMMINISTRATIVE: IMPEGNO SPESA PER RIMBORSI SOMME VERSATE ALL'ENTE A TITOLO DI I.M.U. ANNO D'IMPOSTA 2021 E 2022.
2025-03-31 20:01:53,936 - INFO - Added entry: DECRETO N.46 ASSEGNAZIONE SEGRETARIO GENERALE
2025-03-31 20:01:53,936 - INFO - Added entry: ATTRIBUZIONE INCARICO DI VICE SEGRETARIO GENERALE: DOTT.SSA FELICI LAURA
2025-03-31 20:01:53,936 - INFO - Added entry: DETERMINA N.225 DEL 11/03/2025 - DIPARTIMENTO SERVIZI ALLA PERSONA: AUTORIZZAZIONE ALLA PROSECUZIONE DELLE ATTIVITA' DEL CENTRO PER LA FAMIGLIA DEL DISTRETTO RM 5.1  ANNO 2025  ASSUNZIONE IMPEGNO DI SPESA  CIG B5CD57D863
2025-03-31 20:01:53,936 - INFO - Added entry: DETERMINA N.224 DEL 10/03/2025 - DIPARTIMENTO ATTIVITA' ECONOMICO FINANZIARIE E AMMINISTRATIVE: ASSEGNAZIONE ALLOGGIO E.R.P. DI PROPRIETA' ATER PROVINCIA DI ROMA SITO IN VIA ITALO CALVINO N. 20 INT. 1 SCALA L PIANO TERRA.
2025-03-31 20:01:53,936 - INFO - Added entry: DETERMINA N.227 DEL 11/03/2025 - DIPARTIMENTO SERVIZI ALLA PERSONA: INDAGINE MULTISCOPO SULLE FAMIGLIE ISTAT ASPETTI DELLA VITA QUOTIDIANA (AVQ)  2025 - CONFERIMENTO INCARICO DI RILEVATORE E ASSUNZIONE IMPEGNO DI SPESA
2025-03-31 20:01:53,937 - INFO - Added entry: DETERMINA N.226 DEL 11/03/2025 - DIPARTIMENTO SERVIZI ALLA PERSONA: IMPEGNO DI SPESA CASE RIPOSO ANZIANI -  1 SEMESTRE 2025 .
2025-03-31 20:01:53,937 - INFO - Added entry: RICHIESTA NOTIFICA AI SENSI ART. 143 CPCP - PRATICA N. 35/2025
2025-03-31 20:01:53,937 - INFO - Added entry: DETERMINA N.228 DEL 11/03/2025 - DIPARTIMENTO SERVIZI ALLA PERSONA: PNRR, MISSIONE 5 - COMPONENTE 2 INVESTIMENTO 1.3  SUB-INVESTIMENTO LINEA DI ATTIVITÀ 1.3.1 HOUSING TEMPORANEO - AVVISO DI ISTRUTTORIA PUBBLICA PER L’INDIVIDUAZIONE DI ENTI DEL TERZO SETTORE DISPONIBILI ALLA CO-PROGETTAZIONE, AI SENSI DELL’ART. 55, COMMA 3, DEL D.LGS. 117/2017, PER LA DEFINIZIONE DI UN PROGETTO DEDICATO ALLA CO-GESTIONE DEL PROGETTO HOUSING TEMPORTANEO  CUP I64H22000350006  - CIG B5F9DCC931
2025-03-31 20:01:53,937 - INFO - Added entry: ORDINANZA DIRIGENZIALE N.51 DEL 11/03/2025 - SERVIZIO POLIZIA LOCALE: NUOVO ALLACCIO ALLA CONDOTTA IDRICA VIA DELL'AERONAUTICA, 10
2025-03-31 20:01:53,937 - INFO - Added entry: ORDINANZA DIRIGENZIALE N.52 DEL 11/03/2025 - SERVIZIO POLIZIA LOCALE: NUOVO ALLACCIO ALLA CONDOTTA IDRICA VIA DELLE BEGONIE,55
2025-03-31 20:01:53,937 - INFO - Added entry: ORDINANZA DIRIGENZIALE N.53 DEL 11/03/2025 - SERVIZIO POLIZIA LOCALE: RACCOLTA MATERIALI INGOMBRANTI , GIORNATE ECOLOGICHE
2025-03-31 20:01:53,937 - INFO - Added entry: ORDINANZA DIRIGENZIALE N.54 DEL 11/03/2025 - SERVIZIO POLIZIA LOCALE: LAVORI BONIFICA IDRICA VIA DELLA FONTE
2025-03-31 20:01:53,937 - INFO - Added entry: ORDINANZA DIRIGENZIALE N.55 DEL 11/03/2025 - SERVIZIO POLIZIA LOCALE: RACCOLTA SANGUE CON AUTOEMOTECA VIA ADIGE
2025-03-31 20:01:53,938 - INFO - Added entry: ORDINANZA DIRIGENZIALE N.56 DEL 11/03/2025 - SERVIZIO POLIZIA LOCALE: RIPRISTINO DEL MANTO STRADALE VARIE VIE A SEGUITO LAVORI INFRASTRUTTURE IN FIBRA OTTICA
2025-03-31 20:01:53,938 - INFO - Added entry: ORDINANZA DIRIGENZIALE N.57 DEL 11/03/2025 - SERVIZIO POLIZIA LOCALE: LAVORI REALIZZAZIONE   PARCO URBANO FERROVIARIO   - INTERVENTO N:6 DEL PINQUA
2025-03-31 20:01:53,938 - INFO - Added entry: DETERMINA N.229 DEL 11/03/2025 - DIPARTIMENTO ATTIVITA' ECONOMICO FINANZIARIE E AMMINISTRATIVE: DETERMINAZIONE FONDI VINCOLATI DI CASSA AL 01/01/2025  ART.195 DEL D. LGS. N. 267/2000 E PUNTO 10.6 DEL PRINCIPIO CONTABILE ALL. 4/2 AL D. LGS. N. 118/2011
2025-03-31 20:01:53,938 - INFO - Added entry: NOT.ART. 143 C.P.C. SAMSON CRISTIAN VASILE
2025-03-31 20:01:53,938 - INFO - Added entry: PUBBLICAZIONE ALBO PRETORIO AGGIUNTA DI COGNOME
2025-03-31 20:01:53,938 - INFO - Added entry: DETERMINA N.230 DEL 11/03/2025 - DIPARTIMENTO SERVIZI ALLA PERSONA: AFFIDAMENTO INCARICO STUDIO DI FATTIBILITA’ TECNICO  ECONOMICA PER LA COSTITUZIONE DEL CONSORZIO PER LA GESTIONE DEI SERVIZI SOCIALI DEI COMUNI DEL DISTRETTO RM 5.1  CIG B5CBD0EE97
2025-03-31 20:01:53,938 - INFO - Added entry: DETERMINA N.231 DEL 11/03/2025 - DIPARTIMENTO GOVERNO DEL TERRITORIO: INTERVENTO 6 PARCO URBANO FERROVIARIO ARCHEOLOGICO - PINQUA - CUP: I91B21000380001, FINANZIATO DA PNRR M5, C2, I 2.3 - NEXTGENERATION- ESECUZIONE DEL CONTRATTO-  IMPUTAZIONE DELLA SPESA _ CIG: A0363E7807.
2025-03-31 20:01:53,939 - INFO - Added entry: DETERMINA N.232 DEL 11/03/2025 - DIPARTIMENTO SERVIZI ALLA PERSONA: IMPEGNO DI SPESA PER RESIDENZE SANITARIE ASSISTENZIALI  (R.S.A.) E STRUTTURE RIABILITATIVE - 1 SEMESTRE 2025.
2025-03-31 20:01:53,939 - INFO - Added entry: DETERMINA N.233 DEL 11/03/2025 - DIPARTIMENTO SERVIZI ALLA PERSONA: AFFIDAMENTO DIRETTO, AI SENSI DELLA LETT.B) ART.50 DEL D.LGS N. 36/2023 DEL SERVIZIO DI PULIZIA POST- EDILE, IGIENIZZAZIONE E SANIFICAZIONE DELL’ASILO NIDO COMUNALE L’AQUILONE, A SEGUITO DI LAVORI DI RIQUALIFICAZIONE FUNZIONALE E MESSA IN SICUREZZA SISMICA ED ASSUNZIONE IMPEGNO DI SPESA- CIG: B5ED83177B.
2025-03-31 20:01:53,939 - INFO - Added entry: PROVVEDIMENTO CONCLUSIVO DEL PROCEDIMENTO REVOCA PER DECADENZA AUTORIZZAZIONE COMMERCIO AREE PUBBLICHE TIPO A - POSTEGGIO N. 35 MERCATO SCALO- GERANIO GIUSEPPE
2025-03-31 20:01:53,939 - INFO - Added entry: DETERMINA N.234 DEL 12/03/2025 - DIPARTIMENTO GOVERNO DEL TERRITORIO: RICONOSCIMENTO DEBITO FUORI BILANCIO AI SENSI DELL'ART. 194, C. 1, LETT. E DEL D.LGS. 267/2000 ENGIE SERVIZI S.P.A. - ASSUNZIONE IMPEGNO SPESA ANNI 2025 E 2026.
2025-03-31 20:01:53,939 - INFO - Added entry: RICORSO PER USOCAPIONE
2025-03-31 20:01:53,939 - INFO - Added entry: LAVORI: OGGETTO: MANUTENZIONE STRAORDINARIA E MESSA IN SICUREZZA STRADALE E MARCIAPIEDI VIA  FILIPPO TURATI PNRR  NEXT GENERATION EU  M2  C4  I2.2 CUP: I97H20001530001  CIG: 9543778EBD;AVVISO AI CREDITORI
2025-03-31 20:01:53,939 - INFO - Added entry: DETERMINA N.236 DEL 12/03/2025 - DIPARTIMENTO SERVIZI ALLA PERSONA: INTEGRAZIONE IMPEGNO DI SPESA INERENTE L’AFFIDAMENTO DIRETTO AI SENSI DELLA LETT.B) ART.50 DEL D.LGS N. 36/2023 DEL SERVIZIO DI TRASPORTO ARREDI E MATERIALE SCOLASTICO DELL’ASILO NIDO COMUNALE L’AQUILONE DALLA SEDE TERRITORIALE DI COLLOCAZIONE PROVVISORIA IN VIA PIAVE, N.12, PER RIPRISTINO C/O LA SEDE TERRITORIALE COMUNALE PERMANENTE IN VIA SANT’ANNA DI STAZZEMA, SNC - CIG: B4B3B8AB17.
2025-03-31 20:01:53,939 - INFO - Added entry: DETERMINA N.235 DEL 12/03/2025 - DIPARTIMENTO GOVERNO DEL TERRITORIO: INTERVENTO 4 SOVRAPPASSO FERROVIARIO - PINQUA - CUP: I91B21000370001, FINANZIATO DA PNRR M5, C2, I 2.3 -NEXT GENERATION EU  INTERFERENZA INTERVENTO CON FERROVIE DELLO STATO S.P.A.  IMPUTAZIONE SPESA - CIG: B5F941FD1A
2025-03-31 20:01:53,940 - INFO - Added entry: DETERMINA N.237 DEL 12/03/2025 - DIPARTIMENTO AFFARI GENERALI: PROCEDURA CONCORSUALE RISERVATA AL PERSONALE DIPENDENTE PER N. 1 POSTO A TEMPO PIENO E INDETERMINATO NEL PROFILO PROFESSIONALE DI DIRIGENTE COMANDANTE DEL CORPO DELLA POLIZIA LOCALE DI CUI ALL'ART. 28 COMMA 1 TER DEL D.LGS. 165/2001- AMMISSIONE CANDIDATI
2025-03-31 20:01:53,940 - INFO - Added entry: NOT.ART. 143 C.P.C. POPA NELU
2025-03-31 20:01:53,940 - INFO - Added entry: NOT.ART. 143 C.P.C. SCINTU MASSIMILIANO
2025-03-31 20:01:53,940 - INFO - Added entry: DETERMINA N.238 DEL 13/03/2025 - DIPARTIMENTO AFFARI GENERALI: NOMINA COMMISSIONE ESAMINATRICE PER LA PROCEDURA CONCORSUALE RISERVATA AL PERSONALE DIPENDENTE PER N. 1 POSTO A TEMPO PIENO EINDETERMINATO NEL PROFILO PROFESSIONALE DI DIRIGENTE COMANDANTEDEL CORPO DELLA POLIZIA LOCALE DI CUI ALL'ART. 28 COMMA 1 TER DEL D.LGS. 165/2001
2025-03-31 20:01:53,940 - INFO - Added entry: ORDINANZA DIRIGENZIALE N.58 DEL 13/03/2025 - SERVIZIO POLIZIA LOCALE: REVOCA ORDINANZA C.D.S. N:38 DEL 26 FEBBRAIO 2025 - VIA MONTI SABINI
2025-03-31 20:01:53,940 - INFO - Added entry: DETERMINA N.239 DEL 13/03/2025 - DIPARTIMENTO AFFARI GENERALI: BANDO DI CONCORSO PUBBLICO, PER SOLI ESAMI, PER LA COPERTURA A TEMPO INDETERMINATO E A TEMPO PIENO DI N.1 POSTO DI DIRIGENTE AMMINISTRATIVO SOCIO CULTURALE - AMMISSIONE DEI CANDIDATI
2025-03-31 20:01:53,940 - INFO - Added entry: DETERMINA N.240 DEL 13/03/2025 - DIPARTIMENTO AFFARI GENERALI: SOSTITUZIONE PRESIDENTE E MEMBRO DELLA COMMISSIONE CONCORSO PUBBLICO PER TITOLI ED ESAMI PER LA COPERTURA DI N.1 POSTO A TEMPO INDETERMINATO E PIENO DI OPERATORE ESPERTO IN SUPPORTO AMMINISTRATIVO CON MANSIONI DI MESSO COMUNALE / NOTIFICATORE  AREA DEGLI OPERATORI ESPERTI
2025-03-31 20:01:53,940 - INFO - Added entry: DETERMINA N.241 DEL 13/03/2025 - DIPARTIMENTO AFFARI GENERALI: INTEGRAZIONE COMPONENTE AGGIUNTO COMMISSIONE ESAMINATRICE PER LA PROCEDURA CONCORSUALE RISERVATA AL PERSONALE DIPENDENTE PER N. 1 POSTO A TEMPO PIENO EINDETERMINATO NEL PROFILO PROFESSIONALE DI DIRIGENTE COMANDANTEDEL CORPO DELLA POLIZIA LOCALE DI CUI ALL'ART. 28 COMMA 1 TER DEL D.LGS. 165/2001
2025-03-31 20:01:53,941 - INFO - Added entry: DELIBERA: GIUNTA COMUNALE  N.58 DEL 13/03/2025: APPROVAZIONE CARTA DEI SERVIZI DEMOGRAFICI
2025-03-31 20:01:53,941 - INFO - Added entry: DELIBERA: GIUNTA COMUNALE  N.59 DEL 13/03/2025: RESISTENZA IN GIUDIZIO DINANZI ALLA CORTE DI GIUSTIZIA DI PRIMO GRADO DI ROMA PER IL RICORSO PROMOSSO DA B.A. (TASI 2019) C/COMUNE DI MONTEROTONDO - CONFERIMENTO INCARICO AVV. MENSITIERI (ANDREANI TRIBUTI).
2025-03-31 20:01:53,941 - INFO - Added entry: DELIBERA: GIUNTA COMUNALE  N.60 DEL 13/03/2025: RESISTENZA IN GIUDIZIO DINANZI ALLA CORTE DI GIUSTIZIA DI PRIMO GRADO DI ROMA PER IL RICORSO PROMOSSO DA B. S. (TARI 2022) C/COMUNE DI MONTEROTONDO - CONFERIMENTO INCARICO AVV. MENSITIERI (ANDREANI TRIBUTI).
2025-03-31 20:01:53,941 - INFO - Added entry: DELIBERA: GIUNTA COMUNALE  N.61 DEL 13/03/2025: RESISTENZA IN GIUDIZIO DINANZI ALLA CORTE DI GIUSTIZIA DI PRIMO GRADO DI ROMA PER IL RICORSO PROMOSSO DA ROMANA CALCESTRUZZI (TARI 2022) C/COMUNE DI MONTEROTONDO - CONFERIMENTO INCARICO AVV. MENSITIERI (ANDREANI TRIBUTI).
2025-03-31 20:01:53,941 - INFO - Added entry: DELIBERA: GIUNTA COMUNALE  N.62 DEL 13/03/2025: RESISTENZA IN GIUDIZIO DINANZI ALLA CORTE DI GIUSTIZIA DI PRIMO GRADO DI ROMA PER IL RICORSO PROMOSSO DA D.A.C. (IMU 2019) C/COMUNE DI MONTEROTONDO - CONFERIMENTO INCARICO AVV. MENSITIERI (ANDREANI TRIBUTI).
2025-03-31 20:01:53,941 - INFO - Added entry: DELIBERA: GIUNTA COMUNALE  N.63 DEL 13/03/2025: RESISTENZA IN GIUDIZIO DINANZI ALLA CORTE DI GIUSTIZIA DI PRIMO GRADO DI ROMA PER IL RICORSO PROMOSSO DA D.B.A. (IMU 2017-2018) C/COMUNE DI MONTEROTONDO - CONFERIMENTO INCARICO AVV. TIBERI (ANDREANI TRIBUTI).
2025-03-31 20:01:53,941 - INFO - Added entry: DELIBERA: GIUNTA COMUNALE  N.64 DEL 13/03/2025: RESISTENZA IN GIUDIZIO DINANZI ALLA CORTE DI GIUSTIZIA DI PRIMO GRADO DI ROMA PER IL RICORSO PROMOSSO DA S.I. (TARI 2021) C/COMUNE DI MONTEROTONDO - CONFERIMENTO INCARICO AVV. TIBERI (ANDREANI TRIBUTI).
2025-03-31 20:01:53,941 - INFO - Added entry: DELIBERA: GIUNTA COMUNALE  N.65 DEL 13/03/2025: CONCESSIONE PATROCINIO COMUNALE LUCIANO FEDERICI IN GIOCO CON PAPA’
2025-03-31 20:01:53,942 - INFO - Added entry: DELIBERA: GIUNTA COMUNALE  N.66 DEL 13/03/2025: APPROVAZIONE INTEGRAZIONE CONVENZIONE TRA A.T.C.L., COMUNE DI MONTEROTONDO E FONDAZIONE ICM PER LA STAGIONE TEATRALE 2024  2025 PRESSO IL TEATRO COMUNALE F. RAMARINI
2025-03-31 20:01:53,942 - INFO - Added entry: DELIBERA: GIUNTA COMUNALE  N.67 DEL 13/03/2025: CONCESSIONE PATROCINIO COMUNALE ASSOCIAZIONE VALDRADA
2025-03-31 20:01:53,942 - INFO - Added entry: DELIBERA: GIUNTA COMUNALE  N.68 DEL 13/03/2025: CONCESSIONE PATROCINIO COMUNALE ASSOCIAZIONE DI PROMOZIONE SOCIALE WRITER MONKEY
2025-03-31 20:01:53,942 - INFO - Added entry: DELIBERA: GIUNTA COMUNALE  N.69 DEL 13/03/2025: APPROVAZIONE AI SENSI DELL’ART.1BIS DELLA LEGGE REGIONALE N.36 DEL 02.07.1987 DEL PIANO PARTICOLAREGGIATO ESECUTIVO DEL COMPRENSORIO C3 POGGIO DEGLI ULIVI IN CONFORMITÀ ALL’ART.13 DELLE NORME TECNICHE DI ATTUAZIONE DEL P.R.G. VIGENTE
2025-03-31 20:01:53,942 - INFO - Added entry: DELIBERA: GIUNTA COMUNALE  N.70 DEL 13/03/2025: CONCESSIONE PATROCINIO A.S.D. KEJGIN CLUB E A.S.D. ACQUASPRINT
2025-03-31 20:01:53,942 - INFO - Added entry: DELIBERA: GIUNTA COMUNALE  N.71 DEL 13/03/2025: APPROVAZIONE RELAZIONE AL RENDICONTO DELLA GESTIONE PER L'ESERCIZIO 2024
2025-03-31 20:01:53,942 - INFO - Added entry: DELIBERA: GIUNTA COMUNALE  N.72 DEL 13/03/2025: PNRR MISSIONE 5 - COMPONENTE 2 - LINEA 1.2 - PERCORSI DI SEMIAUTONOMIA PER PERSONE CON DISABILITA'  RETTIFICA DIP - DOCUMENTO DI INDIRIZZO ALLA PROGETTAZIONE AI SENSI DEL CODICE DEI CONTRATTI PUBBLICI DI CUI AL D.LGS. N. 36/2023, ALLEGATO I.7, ART. 3, APPROVATO CON  DGC N. 57 DEL 20/02/2025
2025-03-31 20:01:53,943 - INFO - Added entry: DELIBERA: GIUNTA COMUNALE  N.73 DEL 13/03/2025: RESISTENZA IN GIUDIZIO DINANZI ALLA CORTE DI GIUSTIZIA DI SECONDO GRADO DEL LAZIO AVVERSO SENT. CGTPG N. 10409/2024 - SLIP SRL C/COMUNE DI MONTEROTONDO - CONFERIMENTO INCARICO AVV. MENSITIERI (ANDREANI TRIBUTI)
2025-03-31 20:01:53,943 - INFO - Added entry: DETERMINA N.242 DEL 14/03/2025 - DIPARTIMENTO GOVERNO DEL TERRITORIO: SERVIZIO GESTIONE DEI RIFIUTI ANNO 2025  A FAVORE DELL’AZIENDA SPECIALE A.P.M.  - AFFIDAMENTO ED IMPEGNO SPESA
2025-03-31 20:01:53,943 - INFO - Added entry: DETERMINA N.245 DEL 14/03/2025 - DIPARTIMENTO AFFARI GENERALI: AFFIDAMENTO SERVIZIO DI GRAFICA E STAMPA DI MATERIALE DIVULGATIVO A FINI ISTITUZIONALI DITTA BALZANELLI SRL CIG B5FC678972
2025-03-31 20:01:53,943 - INFO - Added entry: DETERMINA N.243 DEL 14/03/2025 - DIPARTIMENTO ATTIVITA' ECONOMICO FINANZIARIE E AMMINISTRATIVE: INTEGRAZIONE DETEMINAZIONE DIRIGENZIALE N. 14/2025 - RIPARTIZIONE FONDO LAVORO STRAORDINARIO ANNO 2025
2025-03-31 20:01:53,943 - INFO - Added entry: DETERMINA N.244 DEL 14/03/2025 - DIPARTIMENTO AFFARI GENERALI: PROCEDURA SELETTIVA COMPARATIVA INTERNA PROGRESSIONI VERTICALI IN DEROGA EX ART. 13, COMMI 6, 7 E 8 DEL C.C.N.L. 16/11/2022 PER LA COPERTURA DI N. 2 POSTI DI FUNZIONARIO DI VIGILANZA NELL’AREA DEI FUNZIONARI E DELLE ELEVATE QUALIFICAZIONI - APPROVAZIONE GRADUATORIA FINALE
2025-03-31 20:01:53,943 - INFO - Added entry: ORDINANZA SINDACALE N.1 DEL 14/03/2025 - UFFICIO SPECIALE PROTEZIONE CIVILE: ORDINANZA CONTINGIBILE E URGENTE IMMOBILE VIA MONTE POLLINO N. 36 -FONOGRAMMA CORPO NAZIONALE VIGILI DEL FUOCO SCHEDA N. 5799, PROT. 21501 DEL 02/03/2025.
2025-03-31 20:01:53,943 - INFO - Added entry: DETERMINA N.247 DEL 14/03/2025 - DIPARTIMENTO SVILUPPO ECONOMICO DELLA CITTÀ E VIGILANZA EDILIZIA: PUBBLICAZIONE PROGETTO DI LIQUIDAZIONE USI CIVICI SU TERRENI DI PROPRIETA’ PRIVATA (FOGLIO 26 P.LLE 2060, 2063, 2278, 2280)
2025-03-31 20:01:53,943 - INFO - Added entry: DETERMINA N.248 DEL 14/03/2025 - DIPARTIMENTO GOVERNO DEL TERRITORIO: RACCOLTA LEGNA SECCA NEL TERRITORIO COMUNALE ALL’INTERNO DELLA RISERVA NATURALE DELLA MACCHIA DI GATTACECA E MACCHIA DEL BARCO AUTORIZZAZIONE N. CMRC-2025-0033250 N.O. 1686 CITTÀ METROPOLITANA DI ROMA CAPITALE
2025-03-31 20:01:53,944 - INFO - Added entry: DETERMINA N.246 DEL 14/03/2025 - DIPARTIMENTO SVILUPPO ECONOMICO DELLA CITTÀ E VIGILANZA EDILIZIA: PUBBLICAZIONE PROGETTO DI LIQUIDAZIONE USI CIVICI SU TERRENI DI PROPRIETA’ PRIVATA (FOGLIO 27 P.LLA 675)
2025-03-31 20:01:53,944 - INFO - Added entry:  AVVISO PROVE CONCORSO DIRIGENTE POLIZIA LOCALE
2025-03-31 20:01:53,944 - INFO - Added entry: DETERMINA N.249 DEL 17/03/2025 - DIPARTIMENTO SERVIZI ALLA PERSONA: OGGETTO: APPROVAZIONE GRADUATORIA PROVVISORIA RELATIVA ALL'AMMISSIONE E  FREQUENZA ALLA SCUOLA COMUNALE  DELL'INFANZIA  R. BORELLI A.S. 2025-26 .
2025-03-31 20:01:53,944 - INFO - Added entry: DETERMINA N.250 DEL 17/03/2025 - DIPARTIMENTO ATTIVITA' ECONOMICO FINANZIARIE E AMMINISTRATIVE: IMPEGNO SPESA PER RIMBORSI SOMME VERSATE ALL'ENTE A TITOLO DI I.M.U. ANNO D'IMPOSTA 2018.
2025-03-31 20:01:53,944 - INFO - Added entry: DETERMINA N.251 DEL 17/03/2025 - DIPARTIMENTO ATTIVITA' ECONOMICO FINANZIARIE E AMMINISTRATIVE: IMPEGNO SPESA PER RIVERSAMENTO SOMME ERRONEAMENTE VERSATE ALL'ENTE A TITOLO DI IMPOSTA MUNICIPALE PROPRIA - I.M.U.  ANNO 2020 - AL COMUNE DI  FONTE NUOVA (RM).
2025-03-31 20:01:53,944 - INFO - Added entry: DETERMINA N.252 DEL 17/03/2025 - DIPARTIMENTO GOVERNO DEL TERRITORIO: LAVORI DI MANUTENZIONE STRAORDINARIA E MESSA A NORMA DELL’ IMPIANTO SPORTIVO F.CECCONI CUP : I92H22000090005  CIG: A02A87156E PRATICA DI ISTRUTTORIA  IMPUTAZIONE DELLA SPESA.
2025-03-31 20:01:53,944 - INFO - Added entry: DETERMINA N.253 DEL 17/03/2025 - DIPARTIMENTO SVILUPPO ECONOMICO DELLA CITTÀ E VIGILANZA EDILIZIA: IMPEGNO DI SPESA PER LIQUIDAZIONE CONTRIBUTO ALL'ASSOCIAZIONE PROTEZIONE CIVILE ED AMBIENTALE DI MONTEROTONDO O.D.V. -ANNO 2025
2025-03-31 20:01:53,944 - INFO - Added entry: DETERMINA N.254 DEL 17/03/2025 - DIPARTIMENTO GOVERNO DEL TERRITORIO: LAVORI DI RIFACIMENTO IMPIANTO ELETTRICO PIANO SECONDO PALAZZO COMUNALE  FASE 2    CIG: B3FBD23568 - APPROVAZIONE CERTIFICATO DI REGOLARE ESECUZIONE.
2025-03-31 20:01:53,945 - INFO - Added entry: DETERMINA N.256 DEL 18/03/2025 - DIPARTIMENTO AFFARI GENERALI: NOMINA COMMISSIONE ESAMINATRICE PER LA PROCEDURA CONCORSUALE, PER SOLI ESAMI, PER LA COPERTURA A TEMPO INDETERMINATO E A TEMPO PIENO DI N.1 POSTO DI DIRIGENTE AMMINISTRATIVO SOCIO CULTURALE
2025-03-31 20:01:53,945 - INFO - Added entry: DETERMINA N.255 DEL 18/03/2025 - DIPARTIMENTO AFFARI GENERALI: DETERMINA A CONTRARRE AI SENSI DELL’ART.50, CO.1 LETT. B DEL DLGS 36/2023 AFFIDAMENTO ALL’OPERATORE ECONOMICO SELETEK SRL TRAMITE MEPA DEL SERVIZIO DI SUPPORTO PROCEDURE CONCORSUALI DIGITALIZZATE DELLA PROVA PRESELETTIVA/SCRITTA PER N. 3 PROCEDURE CONCORSUALI  CIG B61220691D
2025-03-31 20:01:53,945 - INFO - Added entry: DETERMINA N.259 DEL 18/03/2025 - CORPO DI POLIZIA LOCALE: AFFIDAMENTO ED ASSUNZIONE IMPEGNO DI SPESA GRUPPO ORMA  F.LLI PASQUALI INTERVENTI TECNICI/ MANUTENTIVI STRAORDINARI ED URGENTI SU VEICOLI DEL PARCO MEZZI COMANDO POLIZIA LOCALE (CIG B5FF1153D8)
2025-03-31 20:01:53,945 - INFO - Added entry: DETERMINA N.257 DEL 18/03/2025 - CORPO DI POLIZIA LOCALE: AFFIDAMENTO E IMPUTAZIONE SPESA SOC. FERRAMENTA RICCIONI S.R.L. - PER LA FORNITURA MINUTERIA METALLICA E DI CONSUMO (CIG B5FEF27C2C)
2025-03-31 20:01:53,945 - INFO - Added entry: DETERMINA N.258 DEL 18/03/2025 - CORPO DI POLIZIA LOCALE: AFFIDAMENTO DIRETTO E IMPEGNO DI SPESA ALLA SOC. INTAV SRL PER FORNITURA DI N. 1 DISPOSITIVO COMANDO DI GESTIONE COM.SAT.S3R. (CIG B5FEED47AF)
2025-03-31 20:01:53,945 - INFO - Added entry: DETERMINA N.260 DEL 18/03/2025 - DIPARTIMENTO AFFARI GENERALI: RIAPERTURA TERMINI PROCEDURE SELETTIVE COMPARATIVE INTERNE PROGRESSIONI VERTICALI IN DEROGA EX ART. 13, COMMI 6, 7 E 8 DEL C.C.N.L. 16/11/2022 PER LA COPERTURA DI N. 6 FUNZIONARI AMMINISTRATIVO CONTABILI, N.3 FUNZIONARI TECNICI E N.1  FUNZIONARIO CONTABILE
2025-03-31 20:01:53,945 - INFO - Added entry: ORDINANZA DIRIGENZIALE N.59 DEL 18/03/2025 - SERVIZIO POLIZIA LOCALE: ORDINANZA CDS POTATURE VIA VOLGA SERVIZIO PIANIFICAZIONE URBANISTICA E AMBIENTE
2025-03-31 20:01:53,946 - INFO - Added entry: ORDINANZA DIRIGENZIALE N.60 DEL 18/03/2025 - SERVIZIO POLIZIA LOCALE: ORDINANZA CDS POTATURE VIA SANT'ANNA DI STAZZEMA E LARGO MARTIRI DELLE FOIBE SERVIZIO PIANIFICAZIONE URBANISTICA E AMBIENTE
2025-03-31 20:01:53,946 - INFO - Added entry: RICHIESTA NOTIFICA AI SENSI ART. 143 CPC - PRATICA N. 15/2025
2025-03-31 20:01:53,946 - INFO - Added entry: NOT.ART. 143 C.P.C. ZAMFIR VASILE
2025-03-31 20:01:53,946 - INFO - Added entry: DETERMINA N.263 DEL 18/03/2025 - DIPARTIMENTO SERVIZI ALLA PERSONA: APPLICAZIONE QUINTO D'OBBLIGO AI SENSI DELL’ART. 120, COMMA 9 D.LGS.  36/2023 DEL CONTRATTO REPERTORIO 2673 DEL 04/03/2025  - ACCORDO QUADRO CON UN SINGOLO OPERATORE ECONOMICO E SENZA MINIMO GARANTITO, AI SENSI DELL’ART. 59, COMMA 3, DEL D.LGS. 36/2023, AVENTE AD OGGETTO IL SERVIZIO DI SOMMINISTRAZIONE DI LAVORO DI PERSONALE A TEMPO DETERMINATO PER IL DISTRETTO SOCIO-SANITARIO RM 5.1  CIG B1A4933E04
2025-03-31 20:01:53,946 - INFO - Added entry: DETERMINA N.262 DEL 18/03/2025 - DIPARTIMENTO AFFARI GENERALI: AFFIDAMENTO ED IMPEGNO DI SPESA PER LA FORNITURA DI  N. 2 SIM DATI, N. 1 SIM FONIA E DATI E N. 1 SMARTPHONE PER ATTIVAZIONE LINEA DATI E VOCE ALL’ASILO NIDO COMUNALE L’AQUILONE, ALLA SOCIETA VIANOVA S.P.A.. CIG: Z993CE44AE.
2025-03-31 20:01:53,946 - INFO - Added entry: DETERMINA N.264 DEL 18/03/2025 - DIPARTIMENTO AFFARI GENERALI: DETERMINA A CONTRARRE PER ALL’AFFIDAMENTO DEL SERVIZIO DI FORNITURA DI UNA SUITE APPLICATIVA GESTIONALE EROGATA IN MODALITÀ SOFTWARE AS A SERVICE CERTIFICATA AGID PER IL COMUNE DI MONTEROTONDO, TRAMITE LA SUA 'CITTÀ METROPOLITANA DI ROMA CAPITALE' ALLA SOCIETAÌ APKAPPA S.R.L. CIG: B4D2835B15.
2025-03-31 20:01:53,946 - INFO - Added entry: DETERMINA N.265 DEL 18/03/2025 - DIPARTIMENTO SERVIZI ALLA PERSONA: PROROGA TECNICA AI SENSI DELL’ART. 120 COMMA 11 DLGS 36/2023 DEL CONTRATTO REPERTORIO 2619 DEL 16/02/2023 - RDO_3204848 - AFFIDAMENTO GESTIONE DEL SERVIZIO SOCIALE PROFESSIONALE DISTRETTUALE PUA DEL DISTRETTO RM.5.1 - CIG 93413115B2.
2025-03-31 20:01:53,946 - INFO - Added entry: DETERMINA N.261 DEL 18/03/2025 - DIPARTIMENTO ATTIVITA' ECONOMICO FINANZIARIE E AMMINISTRATIVE: IMPEGNO SPESA PER RIMBORSO SOMME VERSATE ALL'ENTE A TITOLO DI I.M.U. ANNI D'IMPOSTA 2018/2019/2020/2021/2022.
2025-03-31 20:01:53,947 - INFO - Added entry: RIAPERTURA TERMINI PROCEDURE SELETTIVE COMPARATIVE INTERNE PROGRESSIONI VERTICALI IN DEROGA EX ART 13 COMMI 6, 7 E 8 DEL CCNL 16/11/2022 PER LA COPERTURA DI N. 6 FUNZIONARI AMMINISTRATIVI CONTABILI, N. 3 FUNZIONARI TECNICI E N. 1 FUNZIONARIO CONTABILE.
2025-03-31 20:01:53,947 - INFO - Added entry: RICHIESTA DI PUBBLICAZIONE ALLALBO PRETORIO ONLINE - AVVISO DI DEPOSITO ATTI DI LIQUIDAZIONE USI CIVICI (FOGLIO 26,PARTICELLE 2060, 2063, 2278, 2280) PROT. 16896 DEL 18/03/2025.
2025-03-31 20:01:53,947 - INFO - Added entry: DELIBERA: GIUNTA COMUNALE  N.74 DEL 18/03/2025: RESISTENZA IN GIUDIZIO DINANZI ALLA CORTE DI GIUSTIZIA DI SECONDO GRADO DEL LAZIO AVVERSO SENT. CGTPG N. 13941/2024 - CHERUBINI GUP SRL C/COMUNE DI MONTEROTONDO - CONFERIMENTO INCARICO AVV. MENSITIERI (ANDREANI TRIBUTI)
2025-03-31 20:01:53,947 - INFO - Added entry: DELIBERA: GIUNTA COMUNALE  N.75 DEL 18/03/2025: RESISTENZA IN GIUDIZIO DINANZI ALLA CORTE DI GIUSTIZIA DI SECONDO GRADO DEL LAZIO AVVERSO SENT. CGTPG N. 13942/2024 - CHERUBINI GUP SRL C/COMUNE DI MONTEROTONDO - CONFERIMENTO INCARICO AVV. MENSITIERI (ANDREANI TRIBUTI)
2025-03-31 20:01:53,947 - INFO - Added entry: DELIBERA: GIUNTA COMUNALE  N.76 DEL 18/03/2025: RESISTENZA IN GIUDIZIO DINANZI ALLA CORTE DI GIUSTIZIA DI SECONDO GRADO DEL LAZIO AVVERSO SENT. CGTPG N. 13943/2024 - CHERUBINI GUP SRL C/COMUNE DI MONTEROTONDO - CONFERIMENTO INCARICO AVV. MENSITIERI (ANDREANI TRIBUTI)
2025-03-31 20:01:53,947 - INFO - Added entry: DELIBERA: GIUNTA COMUNALE  N.77 DEL 18/03/2025: APPROVAZIONE CONVENZIONE TRA IL COMUNE E L’ASSOCIAZIONE MUSICALE ERETINA APS PER ORGANIZZAZIONE ATTIVITA’ BANDISTICHE E DI PROMOZIONE MUSICALE 2025.
2025-03-31 20:01:53,947 - INFO - Added entry: DELIBERA: GIUNTA COMUNALE  N.78 DEL 18/03/2025: INDIVIDUAZIONE DEI COMPONENTI DEL GRUPPO AMMINISTRAZIONE PUBBLICA DEL COMUNE DI MONTEROTONDO  E DEL PERIMETRO DI CONSOLIDAMENTO PER LA REDAZIONE DEL BILANCIO CONSOLIDATO ESERCIZIO 2024.
2025-03-31 20:01:53,947 - INFO - Added entry: RICHIESTA DI PUBBLICAZIONE ALL'ALBO PRETORIO ONLINE - AVVISO DI DEPOSITO ATTI DI LIQUIDAZIONE USI CIVICI (FOGLIO 27, PARTICELLA 675) PROT. 17076 DEL 19/03/2025.
2025-03-31 20:01:53,948 - INFO - Added entry: DETERMINA N.266 DEL 19/03/2025 - DIPARTIMENTO SERVIZI ALLA PERSONA: IMPEGNO DI SPESA FORNITURA  GAS NATURALE  ISTITUTI COMPRENSIVI DEL TERRITORIO COMUNALE RIFERIMENTO D.D. N. 912 DEL 07/11/2023 - CIG A0267E730C
2025-03-31 20:01:53,948 - INFO - Added entry: DETERMINA N.267 DEL 19/03/2025 - DIPARTIMENTO GOVERNO DEL TERRITORIO: AUTORIZZAZIONE PAESAGGISTICA ART.146 D.LGS. 42/2004 E ART. 3-11 DPR 31/2017 - (EL. 02/2025)  INSTALLAZIONE INSEGNE PUBBLICITARIE A CASSONETTO E VETROFANIE SU LOCALE COMMERCIALE DA DESTINARE A BANCA  LOCALIZZAZIONE: FOGLIO 29, PARTICELLA 132
2025-03-31 20:01:53,948 - INFO - Added entry: DETERMINA G02798
2025-03-31 20:01:53,948 - INFO - Added entry: RACCOMANDATA PER COLLINA BARBARA
2025-03-31 20:01:53,948 - INFO - Added entry: RACCOMANDATA PER GUIDO MASSIMILIANO
2025-03-31 20:01:53,948 - INFO - Added entry: RACCOMANDATA PER CIOCCHETTI LEONARDO
2025-03-31 20:01:53,948 - INFO - Added entry: RACCOMANDATA PER C.ORTE ALESSIO
2025-03-31 20:01:53,948 - INFO - Added entry: ORDINANZA DIRIGENZIALE N.61 DEL 20/03/2025 - SERVIZIO POLIZIA LOCALE: ORDINANZA C.D.S. MANIFESTAZIONE DUATHLON MONTEROTONDO
2025-03-31 20:01:53,949 - INFO - Added entry: ORDINANZA DIRIGENZIALE N.62 DEL 20/03/2025 - SERVIZIO POLIZIA LOCALE: ORDINANZA CDS POTATURA ALBERATURE PIAZZA BORRELLI SERVZIO PIANIFICAZIONE URBANISTICA E AMBIENTE
2025-03-31 20:01:53,949 - INFO - Added entry: ORDINANZA DIRIGENZIALE N.63 DEL 20/03/2025 - SERVIZIO POLIZIA LOCALE: ORDINANZA CDS VIALE BRUNO BUOZZI LAVORI OSPEDALE SS.MO GONFALONE
2025-03-31 20:01:53,949 - INFO - Added entry: NOT.ART. 140 C.P.C. DE VECCHIS VALTER
2025-03-31 20:01:53,949 - INFO - Added entry: NOT.ART. 140 C.P.C. RIGA ANNA MARIA
2025-03-31 20:01:53,949 - INFO - Added entry: NOT.ART. 140 C.P.C.  GIUNTA SALVATORE 
2025-03-31 20:01:53,949 - INFO - Added entry: NOT.ART. 140 C.P.C. OSMANOVIC GOLUB
2025-03-31 20:01:53,949 - INFO - Added entry: NOT.ART. 140 C.P.C. FUSCHINI ANDREA
2025-03-31 20:01:53,949 - INFO - Added entry: NOT.ART. 140 C.P.C. FUSCHINI MASSIMO
2025-03-31 20:01:53,950 - INFO - Added entry: NOT.ART. 140 C.P.C. TILIMBECI SIMONA MARINELA
2025-03-31 20:01:53,950 - INFO - Added entry: NOT.ART. 140 C.P.C. TILIMBVECI SIMONA MARINELA
2025-03-31 20:01:53,950 - INFO - Added entry: NOT.ART. 140 C.P.C. SCHIAVI DANIELE
2025-03-31 20:01:53,950 - INFO - Added entry: NOT.ART. 140 C.P.C. SCHIAVI DANIELE
2025-03-31 20:01:53,950 - INFO - Added entry: NOT.ART. 140 C.P.C. TILIMBECI OLIVER
2025-03-31 20:01:53,950 - INFO - Added entry: NOT.ART. 140 C.P.C. APPOLLONI ELIGIO
2025-03-31 20:01:53,950 - INFO - Added entry: RICHIESTA NOTIFICA AI SENSI ART. 140 CPC - PRATICA N. 15/2025
2025-03-31 20:01:53,950 - INFO - Added entry: RICHIESTA NOTIFICA AI SENSI ART. 140 CPC - PRATICA NN. 79/2025
2025-03-31 20:01:53,951 - INFO - Added entry: RICHIESTA NOTIFICA AI SENSI ART. 140 CPC - PRATICA NN. 96/2025
2025-03-31 20:01:53,951 - INFO - Added entry: RICHIESTA NOTIFICA AI SENSI ART. 140 CPC - PRATICA NN.97/2025
2025-03-31 20:01:53,951 - INFO - Added entry: RICHIESTA NOTIFICA AI SENSI ART. 140 CPC - PRATICA N. 21/2025 IRREP.
2025-03-31 20:01:53,951 - INFO - Added entry: DETERMINA N.268 DEL 20/03/2025 - DIPARTIMENTO AFFARI GENERALI: AFFIDAMENTO ED IMPEGNO DI SPESA PER ATTIVAZIONE DI UNA LINEA DATI E VOCE ALL’ASILO NIDO COMUNALE L’AQUILONE, ALLA SOCIETA TELECOM ITALIA SPA. CIG: B60E82CB83.
2025-03-31 20:01:53,951 - INFO - Added entry: DETERMINA N.269 DEL 20/03/2025 - DIPARTIMENTO AFFARI GENERALI: AUTORIZZAZIONE PROROGA FINO AL 30.04.2025 CONTRATTO A TEMPO PIENO E DETERMINATO EX ART. 36 DEL D. LGS. N. 165/2001 E ART. 60 CO. 6 DEL CCNL 16.11.2022 PROFILO ISTRUTTORE AMMINISTRATIVO CONTABILE (AREA ISTRUTTORI), SIG.RA SILVIA BRANDIFERRI TRAMITE SCORRIMENTO GRADUATORIA DI INTERPELLO ASMEL ELENCHI DI IDONEI
2025-03-31 20:01:53,951 - INFO - Added entry: ORDINANZA DIRIGENZIALE N.64 DEL 20/03/2025 - SERVIZIO POLIZIA LOCALE: REVOCA ORDINANZA CDS N 61 DEL 20-03-2025
2025-03-31 20:01:53,951 - INFO - Added entry: ORDINANZA DIRIGENZIALE N.65 DEL 20/03/2025 - SERVIZIO POLIZIA LOCALE: ORDINANZA CDS VIA J.F. KENNEDY LAVORI ESPAZIA
2025-03-31 20:01:53,951 - INFO - Added entry: DETERMINA N.270 DEL 20/03/2025 - DIPARTIMENTO SERVIZI ALLA PERSONA: PNRR, MISSIONE 5 - COMPONENTE 2 INVESTIMENTO 1.3  SUB-INVESTIMENTO LINEA DI ATTIVITÀ 1.3.1 HOUSING TEMPORANEO  RETTIFICA D.D. 228/2025 - AVVISO DI ISTRUTTORIA PUBBLICA PER L’INDIVIDUAZIONE DI ENTI DEL TERZO SETTORE DISPONIBILI ALLA CO-PROGETTAZIONE, AI SENSI DELL’ART. 55, COMMA 3, DEL D.LGS. 117/2017, PER LA DEFINIZIONE DI UN PROGETTO DEDICATO ALLA CO-GESTIONE DEL PROGETTO HOUSING TEMPORTANEO  CUP I64H22000350006  - CIG B5F9DCC931
2025-03-31 20:01:53,952 - INFO - Added entry: CONVOCAZIONE DEL CONSIGLIO COMUNALE PREVISTO PER IL GIORNO GIOVEDÌ 27 MARZO 2025 ALLE ORE 9.00
2025-03-31 20:01:53,952 - INFO - Added entry: P.D.V./COMUNE DI MONTEROTONDO -  PUBBLICAZIONE EX ART 130 CO. 8 CPA
2025-03-31 20:01:53,961 - INFO - RSS feed generated successfully. Total entries: 140
2025-03-31 20:01:53,961 - INFO - Output files: /home/runner/work/FeedRss_Monterotondo/FeedRss_Monterotondo/feed.xml and /home/runner/work/FeedRss_Monterotondo/FeedRss_Monterotondo/feed_atom.xml
2025-04-01 08:16:40,349 - INFO - Percorso file CSV: /home/runner/work/FeedRss_Monterotondo/FeedRss_Monterotondo/albopretorio.csv
2025-04-01 08:16:40,350 - INFO - File esiste: True
2025-04-01 08:16:40,350 - INFO - Files nella directory corrente:
2025-04-01 08:16:40,350 - INFO - generate_feed.py
2025-04-01 08:16:40,350 - INFO - .git
2025-04-01 08:16:40,350 - INFO - README.md
2025-04-01 08:16:40,350 - INFO - feed_atom.xml
2025-04-01 08:16:40,350 - INFO - _config.yml
2025-04-01 08:16:40,350 - INFO - albopretorio.csv
2025-04-01 08:16:40,350 - INFO - rss_generator.log
2025-04-01 08:16:40,350 - INFO - .github
2025-04-01 08:16:40,350 - INFO - feed.xml
2025-04-01 08:16:40,350 - INFO - docs
2025-04-01 08:16:40,357 - INFO - Added entry: AVVISO DI NOTIFICAZIONE PER PUBBLICI PROCLAMI AUTORIZZATA DALL’ORDINANZA N. 19038/2024 EMESSA DAL TRIBUNALE AMMINISTRATIVO REGIONALE DEL LAZIO RELATIVA AL GRAVAME NEI CONFRONTI DI TUTTI I CANDIDATI ALLE ELEZIONI PER IL RINNOVO DEL CONSIGLIO COMUNALE DI MONTEROTONDO (RM) TENUTESI NEI GIORNI 8 E 9 GIUGNO 2024, NONCHÉ NEI CONFRONTI DEI CITTADINI SOTTOSCRITTORI DELLE RELATIVE LISTE ELETTORALI.
2025-04-01 08:16:40,357 - INFO - Added entry: PUBBLICAZIONE ALBO PRETORIO - VARIANTE PIANO PARTICOLAREGGIATO "SCALO"
2025-04-01 08:16:40,357 - INFO - Added entry: AFFIDAMENTO DIRETTO SISTEMAZIONE IMPIANTO DI ILLUMINAZIONE ANDRONE SECONDO PIANO DEL PALAZZO COMUNALE SITO IN PIAZZA A. FRAMMARTINO - COMUNICAZIONE AGGIUDICAZIONE E STIPULA
2025-04-01 08:16:40,357 - INFO - Added entry: RACCOMANDATA PER GAJEWSKA ANGELIKA SALA
2025-04-01 08:16:40,357 - INFO - Added entry: RICHIESTA NOTIFICA AI SENSI ART. 143 CPC - PRATICA N. 16/2025
2025-04-01 08:16:40,357 - INFO - Added entry: RICHIESTA NOTIFICA AI SENSI ART. 143 CPCP - PRATICA N. 321/2024
2025-04-01 08:16:40,357 - INFO - Added entry: RACCOMANDATA PER GATTO UMBERTO
2025-04-01 08:16:40,357 - INFO - Added entry: RICHIESTA NOTIFICA AI SENSI ART. 143 CPC - PRATICA N. 26/2025 IRREP
2025-04-01 08:16:40,358 - INFO - Added entry: RICHIESTA NOTIFICA AI SENSI ART. 143 CPC - PRATICA N. 27/2025 IRREP
2025-04-01 08:16:40,358 - INFO - Added entry: RICHIESTA NOTIFICA AI SENSI ART. 143 CPCP- PRATICA N. 48/2025
2025-04-01 08:16:40,358 - INFO - Added entry: RACCOMANDATA - DEPOSITO ATTI - BIANCO GIUSEPPE  
2025-04-01 08:16:40,358 - INFO - Added entry: RACCOMANDATA N56951469052-9 - DEPOSITO ATTI - MERSAL SAID 
2025-04-01 08:16:40,358 - INFO - Added entry: RACCOMANDATA - DEPOSITO ATTI - MERSAL SAID 
2025-04-01 08:16:40,358 - INFO - Added entry: COMUNICAZIONI CARLOTTA CUCCAGNA 
2025-04-01 08:16:40,358 - INFO - Added entry: DETERMINA N.223 DEL 07/03/2025 - DIPARTIMENTO GOVERNO DEL TERRITORIO: ANNULLAMENTO IN AUTOTUTELA DELLA DETERMINAZIONE DI ACCERTAMENTO DI COMPATIBILITÀ PAESAGGISTICA A NORMA DELL’ARTICOLO 167 COMMA 5 DEL D.LGS. 42/2004 (EL.12/2024) PER IMMOBILE SITO IN MONTEROTONDO SCALO - LOCALIZZAZIONE: F. 25 P.LLA 946
2025-04-01 08:16:40,358 - INFO - Added entry: DETERMINA N.222 DEL 07/03/2025 - DIPARTIMENTO ATTIVITA' ECONOMICO FINANZIARIE E AMMINISTRATIVE: IMPEGNO SPESA PER RIMBORSI SOMME VERSATE ALL'ENTE A TITOLO DI I.M.U. ANNO D'IMPOSTA 2021 E 2022.
2025-04-01 08:16:40,359 - INFO - Added entry: DECRETO N.46 ASSEGNAZIONE SEGRETARIO GENERALE
2025-04-01 08:16:40,359 - INFO - Added entry: ATTRIBUZIONE INCARICO DI VICE SEGRETARIO GENERALE: DOTT.SSA FELICI LAURA
2025-04-01 08:16:40,359 - INFO - Added entry: DETERMINA N.225 DEL 11/03/2025 - DIPARTIMENTO SERVIZI ALLA PERSONA: AUTORIZZAZIONE ALLA PROSECUZIONE DELLE ATTIVITA' DEL CENTRO PER LA FAMIGLIA DEL DISTRETTO RM 5.1  ANNO 2025  ASSUNZIONE IMPEGNO DI SPESA  CIG B5CD57D863
2025-04-01 08:16:40,359 - INFO - Added entry: DETERMINA N.224 DEL 10/03/2025 - DIPARTIMENTO ATTIVITA' ECONOMICO FINANZIARIE E AMMINISTRATIVE: ASSEGNAZIONE ALLOGGIO E.R.P. DI PROPRIETA' ATER PROVINCIA DI ROMA SITO IN VIA ITALO CALVINO N. 20 INT. 1 SCALA L PIANO TERRA.
2025-04-01 08:16:40,359 - INFO - Added entry: DETERMINA N.227 DEL 11/03/2025 - DIPARTIMENTO SERVIZI ALLA PERSONA: INDAGINE MULTISCOPO SULLE FAMIGLIE ISTAT ASPETTI DELLA VITA QUOTIDIANA (AVQ)  2025 - CONFERIMENTO INCARICO DI RILEVATORE E ASSUNZIONE IMPEGNO DI SPESA
2025-04-01 08:16:40,359 - INFO - Added entry: DETERMINA N.226 DEL 11/03/2025 - DIPARTIMENTO SERVIZI ALLA PERSONA: IMPEGNO DI SPESA CASE RIPOSO ANZIANI -  1 SEMESTRE 2025 .
2025-04-01 08:16:40,359 - INFO - Added entry: RICHIESTA NOTIFICA AI SENSI ART. 143 CPCP - PRATICA N. 35/2025
2025-04-01 08:16:40,359 - INFO - Added entry: DETERMINA N.228 DEL 11/03/2025 - DIPARTIMENTO SERVIZI ALLA PERSONA: PNRR, MISSIONE 5 - COMPONENTE 2 INVESTIMENTO 1.3  SUB-INVESTIMENTO LINEA DI ATTIVITÀ 1.3.1 HOUSING TEMPORANEO - AVVISO DI ISTRUTTORIA PUBBLICA PER L’INDIVIDUAZIONE DI ENTI DEL TERZO SETTORE DISPONIBILI ALLA CO-PROGETTAZIONE, AI SENSI DELL’ART. 55, COMMA 3, DEL D.LGS. 117/2017, PER LA DEFINIZIONE DI UN PROGETTO DEDICATO ALLA CO-GESTIONE DEL PROGETTO HOUSING TEMPORTANEO  CUP I64H22000350006  - CIG B5F9DCC931
2025-04-01 08:16:40,360 - INFO - Added entry: ORDINANZA DIRIGENZIALE N.51 DEL 11/03/2025 - SERVIZIO POLIZIA LOCALE: NUOVO ALLACCIO ALLA CONDOTTA IDRICA VIA DELL'AERONAUTICA, 10
2025-04-01 08:16:40,360 - INFO - Added entry: ORDINANZA DIRIGENZIALE N.52 DEL 11/03/2025 - SERVIZIO POLIZIA LOCALE: NUOVO ALLACCIO ALLA CONDOTTA IDRICA VIA DELLE BEGONIE,55
2025-04-01 08:16:40,360 - INFO - Added entry: ORDINANZA DIRIGENZIALE N.53 DEL 11/03/2025 - SERVIZIO POLIZIA LOCALE: RACCOLTA MATERIALI INGOMBRANTI , GIORNATE ECOLOGICHE
2025-04-01 08:16:40,360 - INFO - Added entry: ORDINANZA DIRIGENZIALE N.54 DEL 11/03/2025 - SERVIZIO POLIZIA LOCALE: LAVORI BONIFICA IDRICA VIA DELLA FONTE
2025-04-01 08:16:40,360 - INFO - Added entry: ORDINANZA DIRIGENZIALE N.55 DEL 11/03/2025 - SERVIZIO POLIZIA LOCALE: RACCOLTA SANGUE CON AUTOEMOTECA VIA ADIGE
2025-04-01 08:16:40,360 - INFO - Added entry: ORDINANZA DIRIGENZIALE N.56 DEL 11/03/2025 - SERVIZIO POLIZIA LOCALE: RIPRISTINO DEL MANTO STRADALE VARIE VIE A SEGUITO LAVORI INFRASTRUTTURE IN FIBRA OTTICA
2025-04-01 08:16:40,360 - INFO - Added entry: ORDINANZA DIRIGENZIALE N.57 DEL 11/03/2025 - SERVIZIO POLIZIA LOCALE: LAVORI REALIZZAZIONE   PARCO URBANO FERROVIARIO   - INTERVENTO N:6 DEL PINQUA
2025-04-01 08:16:40,360 - INFO - Added entry: DETERMINA N.229 DEL 11/03/2025 - DIPARTIMENTO ATTIVITA' ECONOMICO FINANZIARIE E AMMINISTRATIVE: DETERMINAZIONE FONDI VINCOLATI DI CASSA AL 01/01/2025  ART.195 DEL D. LGS. N. 267/2000 E PUNTO 10.6 DEL PRINCIPIO CONTABILE ALL. 4/2 AL D. LGS. N. 118/2011
2025-04-01 08:16:40,360 - INFO - Added entry: NOT.ART. 143 C.P.C. SAMSON CRISTIAN VASILE
2025-04-01 08:16:40,361 - INFO - Added entry: PUBBLICAZIONE ALBO PRETORIO AGGIUNTA DI COGNOME
2025-04-01 08:16:40,361 - INFO - Added entry: DETERMINA N.230 DEL 11/03/2025 - DIPARTIMENTO SERVIZI ALLA PERSONA: AFFIDAMENTO INCARICO STUDIO DI FATTIBILITA’ TECNICO  ECONOMICA PER LA COSTITUZIONE DEL CONSORZIO PER LA GESTIONE DEI SERVIZI SOCIALI DEI COMUNI DEL DISTRETTO RM 5.1  CIG B5CBD0EE97
2025-04-01 08:16:40,361 - INFO - Added entry: DETERMINA N.231 DEL 11/03/2025 - DIPARTIMENTO GOVERNO DEL TERRITORIO: INTERVENTO 6 PARCO URBANO FERROVIARIO ARCHEOLOGICO - PINQUA - CUP: I91B21000380001, FINANZIATO DA PNRR M5, C2, I 2.3 - NEXTGENERATION- ESECUZIONE DEL CONTRATTO-  IMPUTAZIONE DELLA SPESA _ CIG: A0363E7807.
2025-04-01 08:16:40,361 - INFO - Added entry: DETERMINA N.232 DEL 11/03/2025 - DIPARTIMENTO SERVIZI ALLA PERSONA: IMPEGNO DI SPESA PER RESIDENZE SANITARIE ASSISTENZIALI  (R.S.A.) E STRUTTURE RIABILITATIVE - 1 SEMESTRE 2025.
2025-04-01 08:16:40,361 - INFO - Added entry: DETERMINA N.233 DEL 11/03/2025 - DIPARTIMENTO SERVIZI ALLA PERSONA: AFFIDAMENTO DIRETTO, AI SENSI DELLA LETT.B) ART.50 DEL D.LGS N. 36/2023 DEL SERVIZIO DI PULIZIA POST- EDILE, IGIENIZZAZIONE E SANIFICAZIONE DELL’ASILO NIDO COMUNALE L’AQUILONE, A SEGUITO DI LAVORI DI RIQUALIFICAZIONE FUNZIONALE E MESSA IN SICUREZZA SISMICA ED ASSUNZIONE IMPEGNO DI SPESA- CIG: B5ED83177B.
2025-04-01 08:16:40,361 - INFO - Added entry: PROVVEDIMENTO CONCLUSIVO DEL PROCEDIMENTO REVOCA PER DECADENZA AUTORIZZAZIONE COMMERCIO AREE PUBBLICHE TIPO A - POSTEGGIO N. 35 MERCATO SCALO- GERANIO GIUSEPPE
2025-04-01 08:16:40,361 - INFO - Added entry: DETERMINA N.234 DEL 12/03/2025 - DIPARTIMENTO GOVERNO DEL TERRITORIO: RICONOSCIMENTO DEBITO FUORI BILANCIO AI SENSI DELL'ART. 194, C. 1, LETT. E DEL D.LGS. 267/2000 ENGIE SERVIZI S.P.A. - ASSUNZIONE IMPEGNO SPESA ANNI 2025 E 2026.
2025-04-01 08:16:40,361 - INFO - Added entry: RICORSO PER USOCAPIONE
2025-04-01 08:16:40,362 - INFO - Added entry: LAVORI: OGGETTO: MANUTENZIONE STRAORDINARIA E MESSA IN SICUREZZA STRADALE E MARCIAPIEDI VIA  FILIPPO TURATI PNRR  NEXT GENERATION EU  M2  C4  I2.2 CUP: I97H20001530001  CIG: 9543778EBD;AVVISO AI CREDITORI
2025-04-01 08:16:40,362 - INFO - Added entry: DETERMINA N.236 DEL 12/03/2025 - DIPARTIMENTO SERVIZI ALLA PERSONA: INTEGRAZIONE IMPEGNO DI SPESA INERENTE L’AFFIDAMENTO DIRETTO AI SENSI DELLA LETT.B) ART.50 DEL D.LGS N. 36/2023 DEL SERVIZIO DI TRASPORTO ARREDI E MATERIALE SCOLASTICO DELL’ASILO NIDO COMUNALE L’AQUILONE DALLA SEDE TERRITORIALE DI COLLOCAZIONE PROVVISORIA IN VIA PIAVE, N.12, PER RIPRISTINO C/O LA SEDE TERRITORIALE COMUNALE PERMANENTE IN VIA SANT’ANNA DI STAZZEMA, SNC - CIG: B4B3B8AB17.
2025-04-01 08:16:40,362 - INFO - Added entry: DETERMINA N.235 DEL 12/03/2025 - DIPARTIMENTO GOVERNO DEL TERRITORIO: INTERVENTO 4 SOVRAPPASSO FERROVIARIO - PINQUA - CUP: I91B21000370001, FINANZIATO DA PNRR M5, C2, I 2.3 -NEXT GENERATION EU  INTERFERENZA INTERVENTO CON FERROVIE DELLO STATO S.P.A.  IMPUTAZIONE SPESA - CIG: B5F941FD1A
2025-04-01 08:16:40,362 - INFO - Added entry: DETERMINA N.237 DEL 12/03/2025 - DIPARTIMENTO AFFARI GENERALI: PROCEDURA CONCORSUALE RISERVATA AL PERSONALE DIPENDENTE PER N. 1 POSTO A TEMPO PIENO E INDETERMINATO NEL PROFILO PROFESSIONALE DI DIRIGENTE COMANDANTE DEL CORPO DELLA POLIZIA LOCALE DI CUI ALL'ART. 28 COMMA 1 TER DEL D.LGS. 165/2001- AMMISSIONE CANDIDATI
2025-04-01 08:16:40,362 - INFO - Added entry: NOT.ART. 143 C.P.C. POPA NELU
2025-04-01 08:16:40,362 - INFO - Added entry: NOT.ART. 143 C.P.C. SCINTU MASSIMILIANO
2025-04-01 08:16:40,362 - INFO - Added entry: DETERMINA N.238 DEL 13/03/2025 - DIPARTIMENTO AFFARI GENERALI: NOMINA COMMISSIONE ESAMINATRICE PER LA PROCEDURA CONCORSUALE RISERVATA AL PERSONALE DIPENDENTE PER N. 1 POSTO A TEMPO PIENO EINDETERMINATO NEL PROFILO PROFESSIONALE DI DIRIGENTE COMANDANTEDEL CORPO DELLA POLIZIA LOCALE DI CUI ALL'ART. 28 COMMA 1 TER DEL D.LGS. 165/2001
2025-04-01 08:16:40,362 - INFO - Added entry: ORDINANZA DIRIGENZIALE N.58 DEL 13/03/2025 - SERVIZIO POLIZIA LOCALE: REVOCA ORDINANZA C.D.S. N:38 DEL 26 FEBBRAIO 2025 - VIA MONTI SABINI
2025-04-01 08:16:40,363 - INFO - Added entry: DETERMINA N.239 DEL 13/03/2025 - DIPARTIMENTO AFFARI GENERALI: BANDO DI CONCORSO PUBBLICO, PER SOLI ESAMI, PER LA COPERTURA A TEMPO INDETERMINATO E A TEMPO PIENO DI N.1 POSTO DI DIRIGENTE AMMINISTRATIVO SOCIO CULTURALE - AMMISSIONE DEI CANDIDATI
2025-04-01 08:16:40,363 - INFO - Added entry: DETERMINA N.240 DEL 13/03/2025 - DIPARTIMENTO AFFARI GENERALI: SOSTITUZIONE PRESIDENTE E MEMBRO DELLA COMMISSIONE CONCORSO PUBBLICO PER TITOLI ED ESAMI PER LA COPERTURA DI N.1 POSTO A TEMPO INDETERMINATO E PIENO DI OPERATORE ESPERTO IN SUPPORTO AMMINISTRATIVO CON MANSIONI DI MESSO COMUNALE / NOTIFICATORE  AREA DEGLI OPERATORI ESPERTI
2025-04-01 08:16:40,363 - INFO - Added entry: DETERMINA N.241 DEL 13/03/2025 - DIPARTIMENTO AFFARI GENERALI: INTEGRAZIONE COMPONENTE AGGIUNTO COMMISSIONE ESAMINATRICE PER LA PROCEDURA CONCORSUALE RISERVATA AL PERSONALE DIPENDENTE PER N. 1 POSTO A TEMPO PIENO EINDETERMINATO NEL PROFILO PROFESSIONALE DI DIRIGENTE COMANDANTEDEL CORPO DELLA POLIZIA LOCALE DI CUI ALL'ART. 28 COMMA 1 TER DEL D.LGS. 165/2001
2025-04-01 08:16:40,363 - INFO - Added entry: DELIBERA: GIUNTA COMUNALE  N.58 DEL 13/03/2025: APPROVAZIONE CARTA DEI SERVIZI DEMOGRAFICI
2025-04-01 08:16:40,363 - INFO - Added entry: DELIBERA: GIUNTA COMUNALE  N.59 DEL 13/03/2025: RESISTENZA IN GIUDIZIO DINANZI ALLA CORTE DI GIUSTIZIA DI PRIMO GRADO DI ROMA PER IL RICORSO PROMOSSO DA B.A. (TASI 2019) C/COMUNE DI MONTEROTONDO - CONFERIMENTO INCARICO AVV. MENSITIERI (ANDREANI TRIBUTI).
2025-04-01 08:16:40,363 - INFO - Added entry: DELIBERA: GIUNTA COMUNALE  N.60 DEL 13/03/2025: RESISTENZA IN GIUDIZIO DINANZI ALLA CORTE DI GIUSTIZIA DI PRIMO GRADO DI ROMA PER IL RICORSO PROMOSSO DA B. S. (TARI 2022) C/COMUNE DI MONTEROTONDO - CONFERIMENTO INCARICO AVV. MENSITIERI (ANDREANI TRIBUTI).
2025-04-01 08:16:40,363 - INFO - Added entry: DELIBERA: GIUNTA COMUNALE  N.61 DEL 13/03/2025: RESISTENZA IN GIUDIZIO DINANZI ALLA CORTE DI GIUSTIZIA DI PRIMO GRADO DI ROMA PER IL RICORSO PROMOSSO DA ROMANA CALCESTRUZZI (TARI 2022) C/COMUNE DI MONTEROTONDO - CONFERIMENTO INCARICO AVV. MENSITIERI (ANDREANI TRIBUTI).
2025-04-01 08:16:40,363 - INFO - Added entry: DELIBERA: GIUNTA COMUNALE  N.62 DEL 13/03/2025: RESISTENZA IN GIUDIZIO DINANZI ALLA CORTE DI GIUSTIZIA DI PRIMO GRADO DI ROMA PER IL RICORSO PROMOSSO DA D.A.C. (IMU 2019) C/COMUNE DI MONTEROTONDO - CONFERIMENTO INCARICO AVV. MENSITIERI (ANDREANI TRIBUTI).
2025-04-01 08:16:40,363 - INFO - Added entry: DELIBERA: GIUNTA COMUNALE  N.63 DEL 13/03/2025: RESISTENZA IN GIUDIZIO DINANZI ALLA CORTE DI GIUSTIZIA DI PRIMO GRADO DI ROMA PER IL RICORSO PROMOSSO DA D.B.A. (IMU 2017-2018) C/COMUNE DI MONTEROTONDO - CONFERIMENTO INCARICO AVV. TIBERI (ANDREANI TRIBUTI).
2025-04-01 08:16:40,364 - INFO - Added entry: DELIBERA: GIUNTA COMUNALE  N.64 DEL 13/03/2025: RESISTENZA IN GIUDIZIO DINANZI ALLA CORTE DI GIUSTIZIA DI PRIMO GRADO DI ROMA PER IL RICORSO PROMOSSO DA S.I. (TARI 2021) C/COMUNE DI MONTEROTONDO - CONFERIMENTO INCARICO AVV. TIBERI (ANDREANI TRIBUTI).
2025-04-01 08:16:40,364 - INFO - Added entry: DELIBERA: GIUNTA COMUNALE  N.65 DEL 13/03/2025: CONCESSIONE PATROCINIO COMUNALE LUCIANO FEDERICI IN GIOCO CON PAPA’
2025-04-01 08:16:40,364 - INFO - Added entry: DELIBERA: GIUNTA COMUNALE  N.66 DEL 13/03/2025: APPROVAZIONE INTEGRAZIONE CONVENZIONE TRA A.T.C.L., COMUNE DI MONTEROTONDO E FONDAZIONE ICM PER LA STAGIONE TEATRALE 2024  2025 PRESSO IL TEATRO COMUNALE F. RAMARINI
2025-04-01 08:16:40,364 - INFO - Added entry: DELIBERA: GIUNTA COMUNALE  N.67 DEL 13/03/2025: CONCESSIONE PATROCINIO COMUNALE ASSOCIAZIONE VALDRADA
2025-04-01 08:16:40,364 - INFO - Added entry: DELIBERA: GIUNTA COMUNALE  N.68 DEL 13/03/2025: CONCESSIONE PATROCINIO COMUNALE ASSOCIAZIONE DI PROMOZIONE SOCIALE WRITER MONKEY
2025-04-01 08:16:40,364 - INFO - Added entry: DELIBERA: GIUNTA COMUNALE  N.69 DEL 13/03/2025: APPROVAZIONE AI SENSI DELL’ART.1BIS DELLA LEGGE REGIONALE N.36 DEL 02.07.1987 DEL PIANO PARTICOLAREGGIATO ESECUTIVO DEL COMPRENSORIO C3 POGGIO DEGLI ULIVI IN CONFORMITÀ ALL’ART.13 DELLE NORME TECNICHE DI ATTUAZIONE DEL P.R.G. VIGENTE
2025-04-01 08:16:40,364 - INFO - Added entry: DELIBERA: GIUNTA COMUNALE  N.70 DEL 13/03/2025: CONCESSIONE PATROCINIO A.S.D. KEJGIN CLUB E A.S.D. ACQUASPRINT
2025-04-01 08:16:40,364 - INFO - Added entry: DELIBERA: GIUNTA COMUNALE  N.71 DEL 13/03/2025: APPROVAZIONE RELAZIONE AL RENDICONTO DELLA GESTIONE PER L'ESERCIZIO 2024
2025-04-01 08:16:40,365 - INFO - Added entry: DELIBERA: GIUNTA COMUNALE  N.72 DEL 13/03/2025: PNRR MISSIONE 5 - COMPONENTE 2 - LINEA 1.2 - PERCORSI DI SEMIAUTONOMIA PER PERSONE CON DISABILITA'  RETTIFICA DIP - DOCUMENTO DI INDIRIZZO ALLA PROGETTAZIONE AI SENSI DEL CODICE DEI CONTRATTI PUBBLICI DI CUI AL D.LGS. N. 36/2023, ALLEGATO I.7, ART. 3, APPROVATO CON  DGC N. 57 DEL 20/02/2025
2025-04-01 08:16:40,365 - INFO - Added entry: DELIBERA: GIUNTA COMUNALE  N.73 DEL 13/03/2025: RESISTENZA IN GIUDIZIO DINANZI ALLA CORTE DI GIUSTIZIA DI SECONDO GRADO DEL LAZIO AVVERSO SENT. CGTPG N. 10409/2024 - SLIP SRL C/COMUNE DI MONTEROTONDO - CONFERIMENTO INCARICO AVV. MENSITIERI (ANDREANI TRIBUTI)
2025-04-01 08:16:40,365 - INFO - Added entry: DETERMINA N.242 DEL 14/03/2025 - DIPARTIMENTO GOVERNO DEL TERRITORIO: SERVIZIO GESTIONE DEI RIFIUTI ANNO 2025  A FAVORE DELL’AZIENDA SPECIALE A.P.M.  - AFFIDAMENTO ED IMPEGNO SPESA
2025-04-01 08:16:40,365 - INFO - Added entry: DETERMINA N.245 DEL 14/03/2025 - DIPARTIMENTO AFFARI GENERALI: AFFIDAMENTO SERVIZIO DI GRAFICA E STAMPA DI MATERIALE DIVULGATIVO A FINI ISTITUZIONALI DITTA BALZANELLI SRL CIG B5FC678972
2025-04-01 08:16:40,365 - INFO - Added entry: DETERMINA N.243 DEL 14/03/2025 - DIPARTIMENTO ATTIVITA' ECONOMICO FINANZIARIE E AMMINISTRATIVE: INTEGRAZIONE DETEMINAZIONE DIRIGENZIALE N. 14/2025 - RIPARTIZIONE FONDO LAVORO STRAORDINARIO ANNO 2025
2025-04-01 08:16:40,365 - INFO - Added entry: DETERMINA N.244 DEL 14/03/2025 - DIPARTIMENTO AFFARI GENERALI: PROCEDURA SELETTIVA COMPARATIVA INTERNA PROGRESSIONI VERTICALI IN DEROGA EX ART. 13, COMMI 6, 7 E 8 DEL C.C.N.L. 16/11/2022 PER LA COPERTURA DI N. 2 POSTI DI FUNZIONARIO DI VIGILANZA NELL’AREA DEI FUNZIONARI E DELLE ELEVATE QUALIFICAZIONI - APPROVAZIONE GRADUATORIA FINALE
2025-04-01 08:16:40,365 - INFO - Added entry: ORDINANZA SINDACALE N.1 DEL 14/03/2025 - UFFICIO SPECIALE PROTEZIONE CIVILE: ORDINANZA CONTINGIBILE E URGENTE IMMOBILE VIA MONTE POLLINO N. 36 -FONOGRAMMA CORPO NAZIONALE VIGILI DEL FUOCO SCHEDA N. 5799, PROT. 21501 DEL 02/03/2025.
2025-04-01 08:16:40,365 - INFO - Added entry: DETERMINA N.247 DEL 14/03/2025 - DIPARTIMENTO SVILUPPO ECONOMICO DELLA CITTÀ E VIGILANZA EDILIZIA: PUBBLICAZIONE PROGETTO DI LIQUIDAZIONE USI CIVICI SU TERRENI DI PROPRIETA’ PRIVATA (FOGLIO 26 P.LLE 2060, 2063, 2278, 2280)
2025-04-01 08:16:40,366 - INFO - Added entry: DETERMINA N.248 DEL 14/03/2025 - DIPARTIMENTO GOVERNO DEL TERRITORIO: RACCOLTA LEGNA SECCA NEL TERRITORIO COMUNALE ALL’INTERNO DELLA RISERVA NATURALE DELLA MACCHIA DI GATTACECA E MACCHIA DEL BARCO AUTORIZZAZIONE N. CMRC-2025-0033250 N.O. 1686 CITTÀ METROPOLITANA DI ROMA CAPITALE
2025-04-01 08:16:40,366 - INFO - Added entry: DETERMINA N.246 DEL 14/03/2025 - DIPARTIMENTO SVILUPPO ECONOMICO DELLA CITTÀ E VIGILANZA EDILIZIA: PUBBLICAZIONE PROGETTO DI LIQUIDAZIONE USI CIVICI SU TERRENI DI PROPRIETA’ PRIVATA (FOGLIO 27 P.LLA 675)
2025-04-01 08:16:40,366 - INFO - Added entry:  AVVISO PROVE CONCORSO DIRIGENTE POLIZIA LOCALE
2025-04-01 08:16:40,366 - INFO - Added entry: DETERMINA N.249 DEL 17/03/2025 - DIPARTIMENTO SERVIZI ALLA PERSONA: OGGETTO: APPROVAZIONE GRADUATORIA PROVVISORIA RELATIVA ALL'AMMISSIONE E  FREQUENZA ALLA SCUOLA COMUNALE  DELL'INFANZIA  R. BORELLI A.S. 2025-26 .
2025-04-01 08:16:40,366 - INFO - Added entry: DETERMINA N.250 DEL 17/03/2025 - DIPARTIMENTO ATTIVITA' ECONOMICO FINANZIARIE E AMMINISTRATIVE: IMPEGNO SPESA PER RIMBORSI SOMME VERSATE ALL'ENTE A TITOLO DI I.M.U. ANNO D'IMPOSTA 2018.
2025-04-01 08:16:40,366 - INFO - Added entry: DETERMINA N.251 DEL 17/03/2025 - DIPARTIMENTO ATTIVITA' ECONOMICO FINANZIARIE E AMMINISTRATIVE: IMPEGNO SPESA PER RIVERSAMENTO SOMME ERRONEAMENTE VERSATE ALL'ENTE A TITOLO DI IMPOSTA MUNICIPALE PROPRIA - I.M.U.  ANNO 2020 - AL COMUNE DI  FONTE NUOVA (RM).
2025-04-01 08:16:40,366 - INFO - Added entry: DETERMINA N.252 DEL 17/03/2025 - DIPARTIMENTO GOVERNO DEL TERRITORIO: LAVORI DI MANUTENZIONE STRAORDINARIA E MESSA A NORMA DELL’ IMPIANTO SPORTIVO F.CECCONI CUP : I92H22000090005  CIG: A02A87156E PRATICA DI ISTRUTTORIA  IMPUTAZIONE DELLA SPESA.
2025-04-01 08:16:40,366 - INFO - Added entry: DETERMINA N.253 DEL 17/03/2025 - DIPARTIMENTO SVILUPPO ECONOMICO DELLA CITTÀ E VIGILANZA EDILIZIA: IMPEGNO DI SPESA PER LIQUIDAZIONE CONTRIBUTO ALL'ASSOCIAZIONE PROTEZIONE CIVILE ED AMBIENTALE DI MONTEROTONDO O.D.V. -ANNO 2025
2025-04-01 08:16:40,367 - INFO - Added entry: DETERMINA N.254 DEL 17/03/2025 - DIPARTIMENTO GOVERNO DEL TERRITORIO: LAVORI DI RIFACIMENTO IMPIANTO ELETTRICO PIANO SECONDO PALAZZO COMUNALE  FASE 2    CIG: B3FBD23568 - APPROVAZIONE CERTIFICATO DI REGOLARE ESECUZIONE.
2025-04-01 08:16:40,367 - INFO - Added entry: DETERMINA N.256 DEL 18/03/2025 - DIPARTIMENTO AFFARI GENERALI: NOMINA COMMISSIONE ESAMINATRICE PER LA PROCEDURA CONCORSUALE, PER SOLI ESAMI, PER LA COPERTURA A TEMPO INDETERMINATO E A TEMPO PIENO DI N.1 POSTO DI DIRIGENTE AMMINISTRATIVO SOCIO CULTURALE
2025-04-01 08:16:40,367 - INFO - Added entry: DETERMINA N.255 DEL 18/03/2025 - DIPARTIMENTO AFFARI GENERALI: DETERMINA A CONTRARRE AI SENSI DELL’ART.50, CO.1 LETT. B DEL DLGS 36/2023 AFFIDAMENTO ALL’OPERATORE ECONOMICO SELETEK SRL TRAMITE MEPA DEL SERVIZIO DI SUPPORTO PROCEDURE CONCORSUALI DIGITALIZZATE DELLA PROVA PRESELETTIVA/SCRITTA PER N. 3 PROCEDURE CONCORSUALI  CIG B61220691D
2025-04-01 08:16:40,367 - INFO - Added entry: DETERMINA N.259 DEL 18/03/2025 - CORPO DI POLIZIA LOCALE: AFFIDAMENTO ED ASSUNZIONE IMPEGNO DI SPESA GRUPPO ORMA  F.LLI PASQUALI INTERVENTI TECNICI/ MANUTENTIVI STRAORDINARI ED URGENTI SU VEICOLI DEL PARCO MEZZI COMANDO POLIZIA LOCALE (CIG B5FF1153D8)
2025-04-01 08:16:40,367 - INFO - Added entry: DETERMINA N.257 DEL 18/03/2025 - CORPO DI POLIZIA LOCALE: AFFIDAMENTO E IMPUTAZIONE SPESA SOC. FERRAMENTA RICCIONI S.R.L. - PER LA FORNITURA MINUTERIA METALLICA E DI CONSUMO (CIG B5FEF27C2C)
2025-04-01 08:16:40,367 - INFO - Added entry: DETERMINA N.258 DEL 18/03/2025 - CORPO DI POLIZIA LOCALE: AFFIDAMENTO DIRETTO E IMPEGNO DI SPESA ALLA SOC. INTAV SRL PER FORNITURA DI N. 1 DISPOSITIVO COMANDO DI GESTIONE COM.SAT.S3R. (CIG B5FEED47AF)
2025-04-01 08:16:40,367 - INFO - Added entry: DETERMINA N.260 DEL 18/03/2025 - DIPARTIMENTO AFFARI GENERALI: RIAPERTURA TERMINI PROCEDURE SELETTIVE COMPARATIVE INTERNE PROGRESSIONI VERTICALI IN DEROGA EX ART. 13, COMMI 6, 7 E 8 DEL C.C.N.L. 16/11/2022 PER LA COPERTURA DI N. 6 FUNZIONARI AMMINISTRATIVO CONTABILI, N.3 FUNZIONARI TECNICI E N.1  FUNZIONARIO CONTABILE
2025-04-01 08:16:40,367 - INFO - Added entry: ORDINANZA DIRIGENZIALE N.59 DEL 18/03/2025 - SERVIZIO POLIZIA LOCALE: ORDINANZA CDS POTATURE VIA VOLGA SERVIZIO PIANIFICAZIONE URBANISTICA E AMBIENTE
2025-04-01 08:16:40,368 - INFO - Added entry: ORDINANZA DIRIGENZIALE N.60 DEL 18/03/2025 - SERVIZIO POLIZIA LOCALE: ORDINANZA CDS POTATURE VIA SANT'ANNA DI STAZZEMA E LARGO MARTIRI DELLE FOIBE SERVIZIO PIANIFICAZIONE URBANISTICA E AMBIENTE
2025-04-01 08:16:40,368 - INFO - Added entry: RICHIESTA NOTIFICA AI SENSI ART. 143 CPC - PRATICA N. 15/2025
2025-04-01 08:16:40,368 - INFO - Added entry: NOT.ART. 143 C.P.C. ZAMFIR VASILE
2025-04-01 08:16:40,368 - INFO - Added entry: DETERMINA N.263 DEL 18/03/2025 - DIPARTIMENTO SERVIZI ALLA PERSONA: APPLICAZIONE QUINTO D'OBBLIGO AI SENSI DELL’ART. 120, COMMA 9 D.LGS.  36/2023 DEL CONTRATTO REPERTORIO 2673 DEL 04/03/2025  - ACCORDO QUADRO CON UN SINGOLO OPERATORE ECONOMICO E SENZA MINIMO GARANTITO, AI SENSI DELL’ART. 59, COMMA 3, DEL D.LGS. 36/2023, AVENTE AD OGGETTO IL SERVIZIO DI SOMMINISTRAZIONE DI LAVORO DI PERSONALE A TEMPO DETERMINATO PER IL DISTRETTO SOCIO-SANITARIO RM 5.1  CIG B1A4933E04
2025-04-01 08:16:40,368 - INFO - Added entry: DETERMINA N.262 DEL 18/03/2025 - DIPARTIMENTO AFFARI GENERALI: AFFIDAMENTO ED IMPEGNO DI SPESA PER LA FORNITURA DI  N. 2 SIM DATI, N. 1 SIM FONIA E DATI E N. 1 SMARTPHONE PER ATTIVAZIONE LINEA DATI E VOCE ALL’ASILO NIDO COMUNALE L’AQUILONE, ALLA SOCIETA VIANOVA S.P.A.. CIG: Z993CE44AE.
2025-04-01 08:16:40,368 - INFO - Added entry: DETERMINA N.264 DEL 18/03/2025 - DIPARTIMENTO AFFARI GENERALI: DETERMINA A CONTRARRE PER ALL’AFFIDAMENTO DEL SERVIZIO DI FORNITURA DI UNA SUITE APPLICATIVA GESTIONALE EROGATA IN MODALITÀ SOFTWARE AS A SERVICE CERTIFICATA AGID PER IL COMUNE DI MONTEROTONDO, TRAMITE LA SUA 'CITTÀ METROPOLITANA DI ROMA CAPITALE' ALLA SOCIETAÌ APKAPPA S.R.L. CIG: B4D2835B15.
2025-04-01 08:16:40,368 - INFO - Added entry: DETERMINA N.265 DEL 18/03/2025 - DIPARTIMENTO SERVIZI ALLA PERSONA: PROROGA TECNICA AI SENSI DELL’ART. 120 COMMA 11 DLGS 36/2023 DEL CONTRATTO REPERTORIO 2619 DEL 16/02/2023 - RDO_3204848 - AFFIDAMENTO GESTIONE DEL SERVIZIO SOCIALE PROFESSIONALE DISTRETTUALE PUA DEL DISTRETTO RM.5.1 - CIG 93413115B2.
2025-04-01 08:16:40,368 - INFO - Added entry: DETERMINA N.261 DEL 18/03/2025 - DIPARTIMENTO ATTIVITA' ECONOMICO FINANZIARIE E AMMINISTRATIVE: IMPEGNO SPESA PER RIMBORSO SOMME VERSATE ALL'ENTE A TITOLO DI I.M.U. ANNI D'IMPOSTA 2018/2019/2020/2021/2022.
2025-04-01 08:16:40,368 - INFO - Added entry: RIAPERTURA TERMINI PROCEDURE SELETTIVE COMPARATIVE INTERNE PROGRESSIONI VERTICALI IN DEROGA EX ART 13 COMMI 6, 7 E 8 DEL CCNL 16/11/2022 PER LA COPERTURA DI N. 6 FUNZIONARI AMMINISTRATIVI CONTABILI, N. 3 FUNZIONARI TECNICI E N. 1 FUNZIONARIO CONTABILE.
2025-04-01 08:16:40,369 - INFO - Added entry: RICHIESTA DI PUBBLICAZIONE ALLALBO PRETORIO ONLINE - AVVISO DI DEPOSITO ATTI DI LIQUIDAZIONE USI CIVICI (FOGLIO 26,PARTICELLE 2060, 2063, 2278, 2280) PROT. 16896 DEL 18/03/2025.
2025-04-01 08:16:40,369 - INFO - Added entry: DELIBERA: GIUNTA COMUNALE  N.74 DEL 18/03/2025: RESISTENZA IN GIUDIZIO DINANZI ALLA CORTE DI GIUSTIZIA DI SECONDO GRADO DEL LAZIO AVVERSO SENT. CGTPG N. 13941/2024 - CHERUBINI GUP SRL C/COMUNE DI MONTEROTONDO - CONFERIMENTO INCARICO AVV. MENSITIERI (ANDREANI TRIBUTI)
2025-04-01 08:16:40,369 - INFO - Added entry: DELIBERA: GIUNTA COMUNALE  N.75 DEL 18/03/2025: RESISTENZA IN GIUDIZIO DINANZI ALLA CORTE DI GIUSTIZIA DI SECONDO GRADO DEL LAZIO AVVERSO SENT. CGTPG N. 13942/2024 - CHERUBINI GUP SRL C/COMUNE DI MONTEROTONDO - CONFERIMENTO INCARICO AVV. MENSITIERI (ANDREANI TRIBUTI)
2025-04-01 08:16:40,369 - INFO - Added entry: DELIBERA: GIUNTA COMUNALE  N.76 DEL 18/03/2025: RESISTENZA IN GIUDIZIO DINANZI ALLA CORTE DI GIUSTIZIA DI SECONDO GRADO DEL LAZIO AVVERSO SENT. CGTPG N. 13943/2024 - CHERUBINI GUP SRL C/COMUNE DI MONTEROTONDO - CONFERIMENTO INCARICO AVV. MENSITIERI (ANDREANI TRIBUTI)
2025-04-01 08:16:40,369 - INFO - Added entry: DELIBERA: GIUNTA COMUNALE  N.77 DEL 18/03/2025: APPROVAZIONE CONVENZIONE TRA IL COMUNE E L’ASSOCIAZIONE MUSICALE ERETINA APS PER ORGANIZZAZIONE ATTIVITA’ BANDISTICHE E DI PROMOZIONE MUSICALE 2025.
2025-04-01 08:16:40,369 - INFO - Added entry: DELIBERA: GIUNTA COMUNALE  N.78 DEL 18/03/2025: INDIVIDUAZIONE DEI COMPONENTI DEL GRUPPO AMMINISTRAZIONE PUBBLICA DEL COMUNE DI MONTEROTONDO  E DEL PERIMETRO DI CONSOLIDAMENTO PER LA REDAZIONE DEL BILANCIO CONSOLIDATO ESERCIZIO 2024.
2025-04-01 08:16:40,369 - INFO - Added entry: RICHIESTA DI PUBBLICAZIONE ALL'ALBO PRETORIO ONLINE - AVVISO DI DEPOSITO ATTI DI LIQUIDAZIONE USI CIVICI (FOGLIO 27, PARTICELLA 675) PROT. 17076 DEL 19/03/2025.
2025-04-01 08:16:40,369 - INFO - Added entry: DETERMINA N.266 DEL 19/03/2025 - DIPARTIMENTO SERVIZI ALLA PERSONA: IMPEGNO DI SPESA FORNITURA  GAS NATURALE  ISTITUTI COMPRENSIVI DEL TERRITORIO COMUNALE RIFERIMENTO D.D. N. 912 DEL 07/11/2023 - CIG A0267E730C
2025-04-01 08:16:40,370 - INFO - Added entry: DETERMINA N.267 DEL 19/03/2025 - DIPARTIMENTO GOVERNO DEL TERRITORIO: AUTORIZZAZIONE PAESAGGISTICA ART.146 D.LGS. 42/2004 E ART. 3-11 DPR 31/2017 - (EL. 02/2025)  INSTALLAZIONE INSEGNE PUBBLICITARIE A CASSONETTO E VETROFANIE SU LOCALE COMMERCIALE DA DESTINARE A BANCA  LOCALIZZAZIONE: FOGLIO 29, PARTICELLA 132
2025-04-01 08:16:40,370 - INFO - Added entry: DETERMINA G02798
2025-04-01 08:16:40,370 - INFO - Added entry: RACCOMANDATA PER COLLINA BARBARA
2025-04-01 08:16:40,370 - INFO - Added entry: RACCOMANDATA PER GUIDO MASSIMILIANO
2025-04-01 08:16:40,370 - INFO - Added entry: RACCOMANDATA PER CIOCCHETTI LEONARDO
2025-04-01 08:16:40,370 - INFO - Added entry: RACCOMANDATA PER C.ORTE ALESSIO
2025-04-01 08:16:40,370 - INFO - Added entry: ORDINANZA DIRIGENZIALE N.61 DEL 20/03/2025 - SERVIZIO POLIZIA LOCALE: ORDINANZA C.D.S. MANIFESTAZIONE DUATHLON MONTEROTONDO
2025-04-01 08:16:40,370 - INFO - Added entry: ORDINANZA DIRIGENZIALE N.62 DEL 20/03/2025 - SERVIZIO POLIZIA LOCALE: ORDINANZA CDS POTATURA ALBERATURE PIAZZA BORRELLI SERVZIO PIANIFICAZIONE URBANISTICA E AMBIENTE
2025-04-01 08:16:40,371 - INFO - Added entry: ORDINANZA DIRIGENZIALE N.63 DEL 20/03/2025 - SERVIZIO POLIZIA LOCALE: ORDINANZA CDS VIALE BRUNO BUOZZI LAVORI OSPEDALE SS.MO GONFALONE
2025-04-01 08:16:40,371 - INFO - Added entry: NOT.ART. 140 C.P.C. DE VECCHIS VALTER
2025-04-01 08:16:40,371 - INFO - Added entry: NOT.ART. 140 C.P.C. RIGA ANNA MARIA
2025-04-01 08:16:40,371 - INFO - Added entry: NOT.ART. 140 C.P.C.  GIUNTA SALVATORE 
2025-04-01 08:16:40,371 - INFO - Added entry: NOT.ART. 140 C.P.C. OSMANOVIC GOLUB
2025-04-01 08:16:40,371 - INFO - Added entry: NOT.ART. 140 C.P.C. FUSCHINI ANDREA
2025-04-01 08:16:40,371 - INFO - Added entry: NOT.ART. 140 C.P.C. FUSCHINI MASSIMO
2025-04-01 08:16:40,371 - INFO - Added entry: NOT.ART. 140 C.P.C. TILIMBECI SIMONA MARINELA
2025-04-01 08:16:40,372 - INFO - Added entry: NOT.ART. 140 C.P.C. TILIMBVECI SIMONA MARINELA
2025-04-01 08:16:40,372 - INFO - Added entry: NOT.ART. 140 C.P.C. SCHIAVI DANIELE
2025-04-01 08:16:40,372 - INFO - Added entry: NOT.ART. 140 C.P.C. SCHIAVI DANIELE
2025-04-01 08:16:40,372 - INFO - Added entry: NOT.ART. 140 C.P.C. TILIMBECI OLIVER
2025-04-01 08:16:40,372 - INFO - Added entry: NOT.ART. 140 C.P.C. APPOLLONI ELIGIO
2025-04-01 08:16:40,372 - INFO - Added entry: RICHIESTA NOTIFICA AI SENSI ART. 140 CPC - PRATICA N. 15/2025
2025-04-01 08:16:40,372 - INFO - Added entry: RICHIESTA NOTIFICA AI SENSI ART. 140 CPC - PRATICA NN. 79/2025
2025-04-01 08:16:40,372 - INFO - Added entry: RICHIESTA NOTIFICA AI SENSI ART. 140 CPC - PRATICA NN. 96/2025
2025-04-01 08:16:40,372 - INFO - Added entry: RICHIESTA NOTIFICA AI SENSI ART. 140 CPC - PRATICA NN.97/2025
2025-04-01 08:16:40,373 - INFO - Added entry: RICHIESTA NOTIFICA AI SENSI ART. 140 CPC - PRATICA N. 21/2025 IRREP.
2025-04-01 08:16:40,373 - INFO - Added entry: DETERMINA N.268 DEL 20/03/2025 - DIPARTIMENTO AFFARI GENERALI: AFFIDAMENTO ED IMPEGNO DI SPESA PER ATTIVAZIONE DI UNA LINEA DATI E VOCE ALL’ASILO NIDO COMUNALE L’AQUILONE, ALLA SOCIETA TELECOM ITALIA SPA. CIG: B60E82CB83.
2025-04-01 08:16:40,373 - INFO - Added entry: DETERMINA N.269 DEL 20/03/2025 - DIPARTIMENTO AFFARI GENERALI: AUTORIZZAZIONE PROROGA FINO AL 30.04.2025 CONTRATTO A TEMPO PIENO E DETERMINATO EX ART. 36 DEL D. LGS. N. 165/2001 E ART. 60 CO. 6 DEL CCNL 16.11.2022 PROFILO ISTRUTTORE AMMINISTRATIVO CONTABILE (AREA ISTRUTTORI), SIG.RA SILVIA BRANDIFERRI TRAMITE SCORRIMENTO GRADUATORIA DI INTERPELLO ASMEL ELENCHI DI IDONEI
2025-04-01 08:16:40,373 - INFO - Added entry: ORDINANZA DIRIGENZIALE N.64 DEL 20/03/2025 - SERVIZIO POLIZIA LOCALE: REVOCA ORDINANZA CDS N 61 DEL 20-03-2025
2025-04-01 08:16:40,373 - INFO - Added entry: ORDINANZA DIRIGENZIALE N.65 DEL 20/03/2025 - SERVIZIO POLIZIA LOCALE: ORDINANZA CDS VIA J.F. KENNEDY LAVORI ESPAZIA
2025-04-01 08:16:40,373 - INFO - Added entry: DETERMINA N.270 DEL 20/03/2025 - DIPARTIMENTO SERVIZI ALLA PERSONA: PNRR, MISSIONE 5 - COMPONENTE 2 INVESTIMENTO 1.3  SUB-INVESTIMENTO LINEA DI ATTIVITÀ 1.3.1 HOUSING TEMPORANEO  RETTIFICA D.D. 228/2025 - AVVISO DI ISTRUTTORIA PUBBLICA PER L’INDIVIDUAZIONE DI ENTI DEL TERZO SETTORE DISPONIBILI ALLA CO-PROGETTAZIONE, AI SENSI DELL’ART. 55, COMMA 3, DEL D.LGS. 117/2017, PER LA DEFINIZIONE DI UN PROGETTO DEDICATO ALLA CO-GESTIONE DEL PROGETTO HOUSING TEMPORTANEO  CUP I64H22000350006  - CIG B5F9DCC931
2025-04-01 08:16:40,373 - INFO - Added entry: CONVOCAZIONE DEL CONSIGLIO COMUNALE PREVISTO PER IL GIORNO GIOVEDÌ 27 MARZO 2025 ALLE ORE 9.00
2025-04-01 08:16:40,373 - INFO - Added entry: P.D.V./COMUNE DI MONTEROTONDO -  PUBBLICAZIONE EX ART 130 CO. 8 CPA
2025-04-01 08:16:40,379 - INFO - RSS feed generated successfully. Total entries: 140
2025-04-01 08:16:40,379 - INFO - Output files: /home/runner/work/FeedRss_Monterotondo/FeedRss_Monterotondo/feed.xml and /home/runner/work/FeedRss_Monterotondo/FeedRss_Monterotondo/feed_atom.xml
